#
# A fatal error has been detected by the Java Runtime Environment:
#
#  EXCEPTION_ACCESS_VIOLATION (0xc0000005) at pc=0x000001bcd445100f, pid=8516, tid=12444
#
# JRE version: OpenJDK Runtime Environment Temurin-22.0.1+8 (22.0.1+8) (build 22.0.1+8)
# Java VM: OpenJDK 64-Bit Server VM Temurin-22.0.1+8 (22.0.1+8, mixed mode, emulated-client, tiered, compressed oops, compressed class ptrs, g1 gc, windows-amd64)
# Problematic frame:
# v  ~BufferBlob::MethodHandles adapters 0x000001bcd445100f
#
# No core dump will be written. Minidumps are not enabled by default on client versions of Windows
#
# If you would like to submit a bug report, please visit:
#   https://github.com/adoptium/adoptium-support/issues
#

---------------  S U M M A R Y ------------

Command Line: -XX:+ShowCodeDetailsInExceptionMessages -agentlib:jdwp=transport=dt_socket,suspend=y,address=localhost:52542 -Dcom.sun.management.jmxremote -Dcom.sun.management.jmxremote.port=52541 -Dcom.sun.management.jmxremote.authenticate=false -Dcom.sun.management.jmxremote.ssl=false -Djava.rmi.server.hostname=localhost -Dspring.jmx.enabled=true -Dmanagement.endpoints.jmx.exposure.include=* -Dspring.application.admin.enabled=true -XX:TieredStopAtLevel=1 -Dspring.boot.project.name=springboot-mvcsdpproject -javaagent:C:\Users\tnsad\eclipse\jee-2024-063\eclipse\configuration\org.eclipse.osgi\448\0\.cp\lib\javaagent-shaded.jar -Dfile.encoding=UTF-8 -Dstdout.encoding=UTF-8 -Dstderr.encoding=UTF-8 com.klef.jfsd.springboot.SpringbootMvcsdpprojectApplication --spring.output.ansi.enabled=always

Host: 12th Gen Intel(R) Core(TM) i7-1255U, 12 cores, 15G,  Windows 11 , 64 bit Build 22621 (10.0.22621.4391)
Time: Sun Nov 17 23:46:49 2024 India Standard Time elapsed time: 382.126270 seconds (0d 0h 6m 22s)

---------------  T H R E A D  ---------------

Current thread (0x000001bce4ca1e70):  JavaThread "restartedMain"        [_thread_in_Java, id=12444, stack(0x0000002591200000,0x0000002591300000) (1024K)]

Stack: [0x0000002591200000,0x0000002591300000],  sp=0x00000025912fd808,  free space=1014k
Native frames: (J=compiled Java code, j=interpreted, Vv=VM code, C=native code)
C  0x000001bcd445100f  (no source info available)

The last pc belongs to _linkToSpecial (printed below).

siginfo: EXCEPTION_ACCESS_VIOLATION (0xc0000005), reading address 0xfffffffffffffff7


Registers:
RAX=0x000001bcd44290e6, RBX=0x000000070844ec50, RCX=0xfffffffffffffff7, RDX=0x0000000000000002
RSP=0x00000025912fd808, RBP=0x00000025912fd858, RSI=0x000001bce4eef148, RDI=0x000001bce45dbf90
R8 =0x0000000000000004, R9 =0x0000000000000004, R10=0x00007ffb0000fd80, R11=0x000001bce03d2898
R12=0x0000000000000000, R13=0x00000025912fd808, R14=0x00000025912fd878, R15=0x000001bce4ca1e70
RIP=0x000001bcd445100f, EFLAGS=0x0000000000010202


Register to memory mapping:

RAX=0x000001bcd44290e6 is at code_begin+3174 in an Interpreter codelet
return entry points  [0x000001bcd4428480, 0x000001bcd442a388]  7944 bytes
RBX=0x000000070844ec50 is an oop: com.klef.jfsd.springboot.controller.AdminController 
{0x000000070844ec50} - klass: 'com/klef/jfsd/springboot/controller/AdminController'
 - ---- fields (total size 2 words):
RCX=0xfffffffffffffff7 is an unknown value
RDX=0x0000000000000002 is an unknown value
RSP=0x00000025912fd808 is pointing into the stack for thread: 0x000001bce4ca1e70
RBP=0x00000025912fd858 is pointing into the stack for thread: 0x000001bce4ca1e70
RSI=0x000001bce4eef148 points into unknown readable memory: 0x880012bc9ab6619c | 9c 61 b6 9a bc 12 00 88
RDI=0x000001bce45dbf90 points into unknown readable memory: 0x0000001800000070 | 70 00 00 00 18 00 00 00
R8 =0x0000000000000004 is an unknown value
R9 =0x0000000000000004 is an unknown value
R10=0x00007ffb0000fd80 jvm.dll
R11={method} {0x000001bce03d28a0} 'newInvokeSpecial' '(Ljava/lang/Object;)Ljava/lang/Object;' in 'java/lang/invoke/DirectMethodHandle$Holder'
R12=0x0 is null
R13=0x00000025912fd808 is pointing into the stack for thread: 0x000001bce4ca1e70
R14=0x00000025912fd878 is pointing into the stack for thread: 0x000001bce4ca1e70
R15=0x000001bce4ca1e70 is a thread

Top of Stack: (sp=0x00000025912fd808)
0x00000025912fd808:   000001bcd44290e6 fffffffffffffff7
0x00000025912fd818:   000001bce03d2887 0000000000000004
0x00000025912fd828:   000001bce03d7408 0000000000000000
0x00000025912fd838:   000000070551f328 000001bce03d2898
0x00000025912fd848:   fffffffffffffff6 00000025912fd880
0x00000025912fd858:   00000025912fe8e8 000001bcd485b88b
0x00000025912fd868:   000000070844eba8 000000070844ec50
0x00000025912fd878:   000000070844ec08 00000025912fe8e8
0x00000025912fd888:   000001bcd4859fb4 000001bcdf5cd630
0x00000025912fd898:   00000025912fb3d0 00000025912fe8e8
0x00000025912fd8a8:   000001bcd4d6f5fc 00007ffb36f37050
0x00000025912fd8b8:   00007ffaff8d48ee 00007ffb36f31f00
0x00000025912fd8c8:   000001bcec8ece90 000001bce4b18c00
0x00000025912fd8d8:   00007ffaff8d41ff 0000000000000004
0x00000025912fd8e8:   00007ffb36f245f2 00007ffb36f32bc0
0x00000025912fd8f8:   000001bcdf5cd630 000000070560b3f8
0x00000025912fd908:   000000070b774e58 000000070844e830
0x00000025912fd918:   000000070844e830 000000070844ec38
0x00000025912fd928:   000000070844e9c0 0000000000000000
0x00000025912fd938:   0000000000000c00 00000025912fe8e8
0x00000025912fd948:   000001bc00000000 0000000000000000
0x00000025912fd958:   0000000000000000 000000070844ec08
0x00000025912fd968:   000001bcd485985c 0000000000000000
0x00000025912fd978:   0000000000000000 0000000000000000
0x00000025912fd988:   0000000000000000 000001bce4ca1e70
0x00000025912fd998:   0000000000000000 000000070844e968
0x00000025912fd9a8:   0000000000000000 000000070844e830
0x00000025912fd9b8:   000000070844ec38 000000070844e968
0x00000025912fd9c8:   0000000000000000 000001bce2358600
0x00000025912fd9d8:   000001bcd485adec 00000025912fe8e8
0x00000025912fd9e8:   000001bcd47c114a 0000000000000000
0x00000025912fd9f8:   000001bcd4710501 00000025912fe8e8 

Instructions: (pc=0x000001bcd445100f)
0x000001bcd4450f0f:   90 66 66 66 0f 1f 84 00 00 00 00 00 66 66 66 90
0x000001bcd4450f1f:   90 48 8b 53 08 0f b7 52 2e 48 8b 0c d4 8b 59 14
0x000001bcd4450f2f:   48 c1 e3 03 8b 5b 28 48 c1 e3 03 8b 5b 24 48 c1
0x000001bcd4450f3f:   e3 03 48 8b 5b 10 48 85 db 0f 84 10 00 00 00 41
0x000001bcd4450f4f:   80 bf e8 05 00 00 00 74 03 ff 63 38 ff 63 50 e9
0x000001bcd4450f5f:   9d 16 00 00 66 66 66 0f 1f 84 00 00 00 00 00 66
0x000001bcd4450f6f:   66 66 90 66 66 0f 1f 84 00 00 00 00 00 66 66 66
0x000001bcd4450f7f:   90 48 8b 53 08 0f b7 52 2e 48 8b 0c d4 58 5b 50
0x000001bcd4450f8f:   44 8b 51 08 4c 8b 5b 10 4b 8b 9c da c8 01 00 00
0x000001bcd4450f9f:   48 85 db 0f 84 10 00 00 00 41 80 bf e8 05 00 00
0x000001bcd4450faf:   00 74 03 ff 63 38 ff 63 50 e9 43 16 00 00 66 66
0x000001bcd4450fbf:   90 58 5b 50 8b 5b 24 48 c1 e3 03 48 8b 5b 10 48
0x000001bcd4450fcf:   85 db 0f 84 10 00 00 00 41 80 bf e8 05 00 00 00
0x000001bcd4450fdf:   74 03 ff 63 38 ff 63 50 e9 14 16 00 00 66 66 66
0x000001bcd4450fef:   0f 1f 84 00 00 00 00 00 66 66 66 90 0f 1f 44 00
0x000001bcd4450fff:   00 48 8b 53 08 0f b7 52 2e 48 8b 0c d4 58 5b 50
0x000001bcd445100f:   48 3b 01 8b 5b 24 48 c1 e3 03 48 8b 5b 10 48 85
0x000001bcd445101f:   db 0f 84 10 00 00 00 41 80 bf e8 05 00 00 00 74
0x000001bcd445102f:   03 ff 63 38 ff 63 50 e9 c5 15 00 00 0f 1f 44 00
0x000001bcd445103f:   00 48 8b 53 08 0f b7 52 2e 48 8b 0c d4 58 5b 50
0x000001bcd445104f:   44 8b 51 08 8b 43 18 48 c1 e0 03 48 8b 40 10 48
0x000001bcd445105f:   8b 5b 10 45 8b 9a a0 00 00 00 4f 8d 9c da c8 01
0x000001bcd445106f:   00 00 4d 8d 14 da 49 8b 1b 48 3b c3 74 15 48 85
0x000001bcd445107f:   db 0f 84 32 00 00 00 49 83 c3 10 49 8b 1b 48 3b
0x000001bcd445108f:   c3 75 eb 45 8b 5b 08 4b 8b 1c 1a 48 85 db 0f 84
0x000001bcd445109f:   10 00 00 00 41 80 bf e8 05 00 00 00 74 03 ff 63
0x000001bcd44510af:   38 ff 63 50 e9 48 15 00 00 e9 43 12 00 00 f4 00
0x000001bcd44510bf:   00 00 00 00 00 00 00 00 00 00 00 00 00 00 00 00
0x000001bcd44510cf:   00 00 00 00 00 00 00 00 00 00 00 00 00 00 00 00
0x000001bcd44510df:   00 00 00 00 00 00 00 00 00 00 00 00 00 00 00 00
0x000001bcd44510ef:   00 00 00 00 00 00 00 00 00 00 00 00 00 00 00 00
0x000001bcd44510ff:   00 00 00 00 00 00 00 00 00 00 00 00 00 00 00 00 


Stack slot to memory mapping:

stack at sp + 0 slots: 0x000001bcd44290e6 is at code_begin+3174 in an Interpreter codelet
return entry points  [0x000001bcd4428480, 0x000001bcd442a388]  7944 bytes
stack at sp + 1 slots: 0xfffffffffffffff7 is an unknown value
stack at sp + 2 slots: 0x000001bce03d2887 is pointing into metadata
stack at sp + 3 slots: 0x0000000000000004 is an unknown value
stack at sp + 4 slots: 0x000001bce03d7408 is pointing into metadata
stack at sp + 5 slots: 0x0 is null
stack at sp + 6 slots: 0x000000070551f328 is an oop: java.lang.Class 
{0x000000070551f328} - klass: 'java/lang/Class'
 - ---- fields (total size 14 words):
 - private volatile transient 'classRedefinedCount' 'I' @12  0 (0x00000000)
 - injected 'klass' 'J' @16  2147693600 (0x0000000080033420)
 - injected 'array_klass' 'J' @24  0 (0x0000000000000000)
 - injected 'oop_size' 'I' @32  14 (0x0000000e)
 - injected 'static_oop_field_count' 'I' @36  0 (0x00000000)
 - private volatile transient 'cachedConstructor' 'Ljava/lang/reflect/Constructor;' @40  null (0x00000000)
 - private transient 'name' 'Ljava/lang/String;' @44  null (0x00000000)
 - private transient 'module' 'Ljava/lang/Module;' @48  a 'java/lang/Module'{0x0000000705528b80} (0xe0aa5170)
 - private final 'classLoader' 'Ljava/lang/ClassLoader;' @52  null (0x00000000)
 - private transient 'classData' 'Ljava/lang/Object;' @56  null (0x00000000)
 - private transient 'packageName' 'Ljava/lang/String;' @60  null (0x00000000)
 - private final 'componentType' 'Ljava/lang/Class;' @64  null (0x00000000)
 - private volatile transient 'reflectionData' 'Ljava/lang/ref/SoftReference;' @68  null (0x00000000)
 - private volatile transient 'genericInfo' 'Lsun/reflect/generics/repository/ClassRepository;' @72  null (0x00000000)
 - private volatile transient 'enumConstants' '[Ljava/lang/Object;' @76  null (0x00000000)
 - private volatile transient 'enumConstantDirectory' 'Ljava/util/Map;' @80  null (0x00000000)
 - private volatile transient 'annotationData' 'Ljava/lang/Class$AnnotationData;' @84  null (0x00000000)
 - private volatile transient 'annotationType' 'Lsun/reflect/annotation/AnnotationType;' @88  null (0x00000000)
 - transient 'classValueMap' 'Ljava/lang/ClassValue$ClassValueMap;' @92  null (0x00000000)
 - injected 'protection_domain' 'Ljava/lang/Object;' @96  null (0x00000000)
 - injected 'signers_name' 'Ljava/lang/Object;' @100  null (0x00000000)
 - injected 'source_file' 'Ljava/lang/Object;' @104  null (0x00000000)
 - signature: Ljava/lang/invoke/DirectMethodHandle$Holder;
 - ---- static fields (0):
stack at sp + 7 slots: {method} {0x000001bce03d28a0} 'newInvokeSpecial' '(Ljava/lang/Object;)Ljava/lang/Object;' in 'java/lang/invoke/DirectMethodHandle$Holder'

MethodHandle::interpreter_entry::_linkToSpecial [0x000001bcd4450fec, 0x000001bcd445103b] (79 bytes)
[MachCode]
  0x000001bcd4450fec: 6666 660f | 1f84 0000 | 0000 0066 | 6666 900f | 1f44 0000 | 488b 5308 | 0fb7 522e | 488b 0cd4 
  0x000001bcd445100c: 585b 5048 | 3b01 8b5b | 2448 c1e3 | 0348 8b5b | 1048 85db | 0f84 1000 | 0000 4180 | bfe8 0500 
  0x000001bcd445102c: 0000 7403 | ff63 38ff | 6350 e9c5 | 
[/MachCode]

---------------  P R O C E S S  ---------------

Threads class SMR info:
_java_thread_list=0x000001bcec99e6a0, length=33, elements={
0x000001bcdf364040, 0x000001bcdf3a7df0, 0x000001bcdf3b8780, 0x000001bcdf3abc60,
0x000001bcdf3ac7f0, 0x000001bcdf387dc0, 0x000001bcdf388430, 0x000001bcdf48d5a0,
0x000001bcdf61b150, 0x000001bcdf619520, 0x000001bcdf619bb0, 0x000001bcdf48a7b0,
0x000001bcdf48ae40, 0x000001bcdf48c880, 0x000001bcdf48a120, 0x000001bce4ca5980,
0x000001bce4ca3220, 0x000001bce4ca2500, 0x000001bce4ca6d30, 0x000001bce75e6e70,
0x000001bce4595380, 0x000001bce4ca17e0, 0x000001bce4ca52f0, 0x000001bce4ca73c0,
0x000001bce4ca8e00, 0x000001bce4ca1e70, 0x000001bce452f8a0, 0x000001bce4ca4c60,
0x000001bce4ca80e0, 0x000001bce4ca2b90, 0x000001bce4ca38b0, 0x000001bce452f1d0,
0x000001bce4ca7a50
}

Java Threads: ( => current thread )
  0x000001bcdf364040 JavaThread "Reference Handler"          daemon [_thread_blocked, id=17004, stack(0x0000002590400000,0x0000002590500000) (1024K)]
  0x000001bcdf3a7df0 JavaThread "Finalizer"                  daemon [_thread_blocked, id=21524, stack(0x0000002590500000,0x0000002590600000) (1024K)]
  0x000001bcdf3b8780 JavaThread "Signal Dispatcher"          daemon [_thread_blocked, id=5476, stack(0x0000002590600000,0x0000002590700000) (1024K)]
  0x000001bcdf3abc60 JavaThread "Attach Listener"            daemon [_thread_blocked, id=20284, stack(0x0000002590700000,0x0000002590800000) (1024K)]
  0x000001bcdf3ac7f0 JavaThread "Service Thread"             daemon [_thread_blocked, id=6904, stack(0x0000002590800000,0x0000002590900000) (1024K)]
  0x000001bcdf387dc0 JavaThread "Monitor Deflation Thread"   daemon [_thread_blocked, id=25060, stack(0x0000002590900000,0x0000002590a00000) (1024K)]
  0x000001bcdf388430 JavaThread "C1 CompilerThread0"         daemon [_thread_blocked, id=15776, stack(0x0000002590a00000,0x0000002590b00000) (1024K)]
  0x000001bcdf48d5a0 JavaThread "Common-Cleaner"             daemon [_thread_blocked, id=5884, stack(0x0000002590b00000,0x0000002590c00000) (1024K)]
  0x000001bcdf61b150 JavaThread "JDWP Transport Listener: dt_socket" daemon [_thread_blocked, id=25540, stack(0x0000002590e00000,0x0000002590f00000) (1024K)]
  0x000001bcdf619520 JavaThread "JDWP Event Helper Thread"   daemon [_thread_blocked, id=2012, stack(0x0000002590f00000,0x0000002591000000) (1024K)]
  0x000001bcdf619bb0 JavaThread "JDWP Command Reader"        daemon [_thread_in_native, id=17524, stack(0x0000002591000000,0x0000002591100000) (1024K)]
  0x000001bcdf48a7b0 JavaThread "Notification Thread"        daemon [_thread_blocked, id=12664, stack(0x0000002591100000,0x0000002591200000) (1024K)]
  0x000001bcdf48ae40 JavaThread "RMI TCP Accept-0"           daemon [_thread_in_native, id=10128, stack(0x0000002591300000,0x0000002591400000) (1024K)]
  0x000001bcdf48c880 JavaThread "RMI TCP Accept-52541"       daemon [_thread_in_native, id=6136, stack(0x0000002591400000,0x0000002591500000) (1024K)]
  0x000001bcdf48a120 JavaThread "RMI TCP Accept-0"           daemon [_thread_in_native, id=8956, stack(0x0000002591d00000,0x0000002591e00000) (1024K)]
  0x000001bce4ca5980 JavaThread "RMI Scheduler(0)"           daemon [_thread_blocked, id=21948, stack(0x0000002592300000,0x0000002592400000) (1024K)]
  0x000001bce4ca3220 JavaThread "JMX server connection timeout 43" daemon [_thread_blocked, id=21288, stack(0x0000002592400000,0x0000002592500000) (1024K)]
  0x000001bce4ca2500 JavaThread "mysql-cj-abandoned-connection-cleanup" daemon [_thread_blocked, id=6508, stack(0x0000002592a00000,0x0000002592b00000) (1024K)]
  0x000001bce4ca6d30 JavaThread "Live Reload Server"         daemon [_thread_in_native, id=17300, stack(0x0000002593000000,0x0000002593100000) (1024K)]
  0x000001bce75e6e70 JavaThread "DestroyJavaVM"                     [_thread_blocked, id=9696, stack(0x000000258fb00000,0x000000258fc00000) (1024K)]
  0x000001bce4595380 JavaThread "RMI TCP Connection(idle)"   daemon [_thread_blocked, id=17256, stack(0x0000002593f00000,0x0000002594000000) (1024K)]
  0x000001bce4ca17e0 JavaThread "RMI TCP Connection(idle)"   daemon [_thread_blocked, id=17980, stack(0x000000258fa00000,0x000000258fb00000) (1024K)]
  0x000001bce4ca52f0 JavaThread "RMI TCP Connection(idle)"   daemon [_thread_blocked, id=6160, stack(0x0000002590c00000,0x0000002590d00000) (1024K)]
  0x000001bce4ca73c0 JavaThread "RMI TCP Connection(16)-127.0.0.1" daemon [_thread_in_native, id=12352, stack(0x0000002593600000,0x0000002593700000) (1024K)]
  0x000001bce4ca8e00 JavaThread "Thread-7"                          [_thread_blocked, id=24684, stack(0x0000002590d00000,0x0000002590e00000) (1024K)]
=>0x000001bce4ca1e70 JavaThread "restartedMain"                     [_thread_in_Java, id=12444, stack(0x0000002591200000,0x0000002591300000) (1024K)]
  0x000001bce452f8a0 JavaThread "C1 CompilerThread1"         daemon [_thread_blocked, id=18672, stack(0x0000002591e00000,0x0000002591f00000) (1024K)]
  0x000001bce4ca4c60 JavaThread "Catalina-utility-1"                [_thread_blocked, id=13480, stack(0x0000002591f00000,0x0000002592000000) (1024K)]
  0x000001bce4ca80e0 JavaThread "Catalina-utility-2"                [_thread_blocked, id=15424, stack(0x0000002592100000,0x0000002592200000) (1024K)]
  0x000001bce4ca2b90 JavaThread "container-0"                       [_thread_blocked, id=23964, stack(0x0000002592200000,0x0000002592300000) (1024K)]
  0x000001bce4ca38b0 JavaThread "HikariPool-3 housekeeper"   daemon [_thread_blocked, id=23936, stack(0x0000002592700000,0x0000002592800000) (1024K)]
  0x000001bce452f1d0 JavaThread "C1 CompilerThread2"         daemon [_thread_blocked, id=11376, stack(0x0000002592800000,0x0000002592900000) (1024K)]
  0x000001bce4ca7a50 JavaThread "HikariPool-3 connection adder" daemon [_thread_blocked, id=17516, stack(0x0000002592900000,0x0000002592a00000) (1024K)]
Total: 33

Other Threads:
  0x000001bcdf2ebac0 VMThread "VM Thread"                           [id=17016, stack(0x0000002590300000,0x0000002590400000) (1024K)]
  0x000001bcdf29c0f0 WatcherThread "VM Periodic Task Thread"        [id=11992, stack(0x0000002590200000,0x0000002590300000) (1024K)]
  0x000001bcd09a5820 WorkerThread "GC Thread#0"                     [id=11584, stack(0x000000258fd00000,0x000000258fe00000) (1024K)]
  0x000001bce47471a0 WorkerThread "GC Thread#1"                     [id=17696, stack(0x0000002591500000,0x0000002591600000) (1024K)]
  0x000001bce4747550 WorkerThread "GC Thread#2"                     [id=9220, stack(0x0000002591600000,0x0000002591700000) (1024K)]
  0x000001bce4747900 WorkerThread "GC Thread#3"                     [id=10540, stack(0x0000002591700000,0x0000002591800000) (1024K)]
  0x000001bce4747cb0 WorkerThread "GC Thread#4"                     [id=19444, stack(0x0000002591800000,0x0000002591900000) (1024K)]
  0x000001bce4748060 WorkerThread "GC Thread#5"                     [id=11508, stack(0x0000002591900000,0x0000002591a00000) (1024K)]
  0x000001bce475fea0 WorkerThread "GC Thread#6"                     [id=10688, stack(0x0000002591a00000,0x0000002591b00000) (1024K)]
  0x000001bce476b4e0 WorkerThread "GC Thread#7"                     [id=14252, stack(0x0000002591b00000,0x0000002591c00000) (1024K)]
  0x000001bce476b890 WorkerThread "GC Thread#8"                     [id=3476, stack(0x0000002591c00000,0x0000002591d00000) (1024K)]
  0x000001bce4c61120 WorkerThread "GC Thread#9"                     [id=5088, stack(0x0000002592000000,0x0000002592100000) (1024K)]
  0x000001bcd09b8c50 ConcurrentGCThread "G1 Main Marker"            [id=13060, stack(0x000000258fe00000,0x000000258ff00000) (1024K)]
  0x000001bcd09b9760 WorkerThread "G1 Conc#0"                       [id=23728, stack(0x000000258ff00000,0x0000002590000000) (1024K)]
  0x000001bce4d63370 WorkerThread "G1 Conc#1"                       [id=14176, stack(0x0000002592500000,0x0000002592600000) (1024K)]
  0x000001bce4d63720 WorkerThread "G1 Conc#2"                       [id=796, stack(0x0000002592600000,0x0000002592700000) (1024K)]
  0x000001bcdf16c690 ConcurrentGCThread "G1 Refine#0"               [id=10916, stack(0x0000002590000000,0x0000002590100000) (1024K)]
  0x000001bcdf16d120 ConcurrentGCThread "G1 Service"                [id=4040, stack(0x0000002590100000,0x0000002590200000) (1024K)]
Total: 18

Threads with active compile tasks:
Total: 0

VM state: not at safepoint (normal execution)

VM Mutex/Monitor currently owned by a thread: None

Heap address: 0x0000000705200000, size: 4014 MB, Compressed Oops mode: Zero based, Oop shift amount: 3

CDS archive(s) not mapped
Compressed class space mapped at: 0x0000000080000000-0x00000000c0000000, reserved size: 1073741824
Narrow klass base: 0x0000000000000000, Narrow klass shift: 0, Narrow klass range: 0xc0000000

GC Precious Log:
 CardTable entry size: 512
 Card Set container configuration: InlinePtr #cards 4 size 8 Array Of Cards #cards 16 size 48 Howl #buckets 8 coarsen threshold 3686 Howl Bitmap #cards 512 size 80 coarsen threshold 460 Card regions per heap region 1 cards per card region 4096
 CPUs: 12 total, 12 available
 Memory: 16052M
 Large Page Support: Disabled
 NUMA Support: Disabled
 Compressed Oops: Enabled (Zero based)
 Heap Region Size: 2M
 Heap Min Capacity: 8M
 Heap Initial Capacity: 252M
 Heap Max Capacity: 4014M
 Pre-touch: Disabled
 Parallel Workers: 10
 Concurrent Workers: 3
 Concurrent Refinement Workers: 10
 Periodic GC: Disabled

Heap:
 garbage-first heap   total reserved 4110336K, committed 110592K, used 86355K [0x0000000705200000, 0x0000000800000000)
  region size 2048K, 30 young (61440K), 0 survivors (0K)
 Metaspace       used 89363K, committed 90112K, reserved 1179648K
  class space    used 11840K, committed 12224K, reserved 1048576K

Heap Regions: E=young(eden), S=young(survivor), O=old, HS=humongous(starts), HC=humongous(continues), CS=collection set, F=free, TAMS=top-at-mark-start, PB=parsable bottom
|   0|0x0000000705200000, 0x0000000705400000, 0x0000000705400000|100%| O|  |TAMS 0x0000000705200000| PB 0x0000000705200000| Untracked |  0
|   1|0x0000000705400000, 0x00000007055ffff0, 0x0000000705600000| 99%| O|  |TAMS 0x0000000705400000| PB 0x0000000705400000| Untracked |  0
|   2|0x0000000705600000, 0x00000007057fffd8, 0x0000000705800000| 99%| O|  |TAMS 0x0000000705600000| PB 0x0000000705600000| Untracked |  0
|   3|0x0000000705800000, 0x00000007059ffff0, 0x0000000705a00000| 99%| O|  |TAMS 0x0000000705800000| PB 0x0000000705800000| Untracked |  0
|   4|0x0000000705a00000, 0x0000000705bfe7d8, 0x0000000705c00000| 99%| O|  |TAMS 0x0000000705a00000| PB 0x0000000705a00000| Untracked |  0
|   5|0x0000000705c00000, 0x0000000705dfffc8, 0x0000000705e00000| 99%| O|  |TAMS 0x0000000705c00000| PB 0x0000000705c00000| Untracked |  0
|   6|0x0000000705e00000, 0x0000000705fffff0, 0x0000000706000000| 99%| O|  |TAMS 0x0000000705e00000| PB 0x0000000705e00000| Untracked |  0
|   7|0x0000000706000000, 0x00000007061fffd8, 0x0000000706200000| 99%| O|  |TAMS 0x0000000706000000| PB 0x0000000706000000| Untracked |  0
|   8|0x0000000706200000, 0x00000007063ffff8, 0x0000000706400000| 99%| O|  |TAMS 0x0000000706200000| PB 0x0000000706200000| Untracked |  0
|   9|0x0000000706400000, 0x0000000706600000, 0x0000000706600000|100%| O|  |TAMS 0x0000000706400000| PB 0x0000000706400000| Untracked |  0
|  10|0x0000000706600000, 0x0000000706793600, 0x0000000706800000| 78%| O|  |TAMS 0x0000000706600000| PB 0x0000000706600000| Untracked |  0
|  11|0x0000000706800000, 0x0000000706a00000, 0x0000000706a00000|100%| O|  |TAMS 0x0000000706800000| PB 0x0000000706800000| Untracked |  0
|  12|0x0000000706a00000, 0x0000000706ba5af0, 0x0000000706c00000| 82%| O|  |TAMS 0x0000000706a00000| PB 0x0000000706a00000| Untracked |  0
|  13|0x0000000706c00000, 0x0000000706dfffd8, 0x0000000706e00000| 99%| O|  |TAMS 0x0000000706c00000| PB 0x0000000706c00000| Untracked |  0
|  14|0x0000000706e00000, 0x0000000706e00000, 0x0000000707000000|  0%| F|  |TAMS 0x0000000706e00000| PB 0x0000000706e00000| Untracked |  0
|  15|0x0000000707000000, 0x00000007070783d0, 0x0000000707200000| 23%| O|  |TAMS 0x0000000707000000| PB 0x0000000707000000| Untracked |  0
|  16|0x0000000707200000, 0x0000000707200000, 0x0000000707400000|  0%| F|  |TAMS 0x0000000707200000| PB 0x0000000707200000| Untracked |  0
|  17|0x0000000707400000, 0x00000007074a5120, 0x0000000707600000| 32%| O|  |TAMS 0x0000000707400000| PB 0x0000000707400000| Untracked |  0
|  18|0x0000000707600000, 0x0000000707600000, 0x0000000707800000|  0%| F|  |TAMS 0x0000000707600000| PB 0x0000000707600000| Untracked |  0
|  19|0x0000000707800000, 0x0000000707800000, 0x0000000707a00000|  0%| F|  |TAMS 0x0000000707800000| PB 0x0000000707800000| Untracked |  0
|  20|0x0000000707a00000, 0x0000000707a00000, 0x0000000707c00000|  0%| F|  |TAMS 0x0000000707a00000| PB 0x0000000707a00000| Untracked |  0
|  21|0x0000000707c00000, 0x0000000707c00000, 0x0000000707e00000|  0%| F|  |TAMS 0x0000000707c00000| PB 0x0000000707c00000| Untracked |  0
|  22|0x0000000707e00000, 0x0000000707e00000, 0x0000000708000000|  0%| F|  |TAMS 0x0000000707e00000| PB 0x0000000707e00000| Untracked |  0
|  23|0x0000000708000000, 0x0000000708000000, 0x0000000708200000|  0%| F|  |TAMS 0x0000000708000000| PB 0x0000000708000000| Untracked |  0
|  24|0x0000000708200000, 0x0000000708400000, 0x0000000708400000|100%| E|  |TAMS 0x0000000708200000| PB 0x0000000708200000| Complete |  0
|  25|0x0000000708400000, 0x0000000708600000, 0x0000000708600000|100%| E|CS|TAMS 0x0000000708400000| PB 0x0000000708400000| Complete |  0
|  26|0x0000000708600000, 0x0000000708800000, 0x0000000708800000|100%| E|CS|TAMS 0x0000000708600000| PB 0x0000000708600000| Complete |  0
|  27|0x0000000708800000, 0x0000000708a00000, 0x0000000708a00000|100%| E|CS|TAMS 0x0000000708800000| PB 0x0000000708800000| Complete |  0
|  28|0x0000000708a00000, 0x0000000708c00000, 0x0000000708c00000|100%| E|CS|TAMS 0x0000000708a00000| PB 0x0000000708a00000| Complete |  0
|  29|0x0000000708c00000, 0x0000000708e00000, 0x0000000708e00000|100%| E|  |TAMS 0x0000000708c00000| PB 0x0000000708c00000| Complete |  0
|  30|0x0000000708e00000, 0x0000000709000000, 0x0000000709000000|100%| E|CS|TAMS 0x0000000708e00000| PB 0x0000000708e00000| Complete |  0
|  31|0x0000000709000000, 0x0000000709200000, 0x0000000709200000|100%| E|CS|TAMS 0x0000000709000000| PB 0x0000000709000000| Complete |  0
|  32|0x0000000709200000, 0x0000000709400000, 0x0000000709400000|100%| E|CS|TAMS 0x0000000709200000| PB 0x0000000709200000| Complete |  0
|  33|0x0000000709400000, 0x0000000709600000, 0x0000000709600000|100%| E|CS|TAMS 0x0000000709400000| PB 0x0000000709400000| Complete |  0
|  34|0x0000000709600000, 0x0000000709800000, 0x0000000709800000|100%| E|CS|TAMS 0x0000000709600000| PB 0x0000000709600000| Complete |  0
|  35|0x0000000709800000, 0x0000000709a00000, 0x0000000709a00000|100%| E|CS|TAMS 0x0000000709800000| PB 0x0000000709800000| Complete |  0
|  36|0x0000000709a00000, 0x0000000709c00000, 0x0000000709c00000|100%| E|CS|TAMS 0x0000000709a00000| PB 0x0000000709a00000| Complete |  0
|  37|0x0000000709c00000, 0x0000000709e00000, 0x0000000709e00000|100%| E|CS|TAMS 0x0000000709c00000| PB 0x0000000709c00000| Complete |  0
|  38|0x0000000709e00000, 0x000000070a000000, 0x000000070a000000|100%| E|CS|TAMS 0x0000000709e00000| PB 0x0000000709e00000| Complete |  0
|  39|0x000000070a000000, 0x000000070a200000, 0x000000070a200000|100%| E|CS|TAMS 0x000000070a000000| PB 0x000000070a000000| Complete |  0
|  40|0x000000070a200000, 0x000000070a400000, 0x000000070a400000|100%| E|CS|TAMS 0x000000070a200000| PB 0x000000070a200000| Complete |  0
|  41|0x000000070a400000, 0x000000070a600000, 0x000000070a600000|100%| E|CS|TAMS 0x000000070a400000| PB 0x000000070a400000| Complete |  0
|  42|0x000000070a600000, 0x000000070a800000, 0x000000070a800000|100%| E|CS|TAMS 0x000000070a600000| PB 0x000000070a600000| Complete |  0
|  43|0x000000070a800000, 0x000000070aa00000, 0x000000070aa00000|100%| E|CS|TAMS 0x000000070a800000| PB 0x000000070a800000| Complete |  0
|  44|0x000000070aa00000, 0x000000070ac00000, 0x000000070ac00000|100%| E|CS|TAMS 0x000000070aa00000| PB 0x000000070aa00000| Complete |  0
|  45|0x000000070ac00000, 0x000000070ae00000, 0x000000070ae00000|100%| E|CS|TAMS 0x000000070ac00000| PB 0x000000070ac00000| Complete |  0
|  46|0x000000070ae00000, 0x000000070b000000, 0x000000070b000000|100%| E|CS|TAMS 0x000000070ae00000| PB 0x000000070ae00000| Complete |  0
|  47|0x000000070b000000, 0x000000070b200000, 0x000000070b200000|100%| E|CS|TAMS 0x000000070b000000| PB 0x000000070b000000| Complete |  0
|  48|0x000000070b200000, 0x000000070b400000, 0x000000070b400000|100%| E|CS|TAMS 0x000000070b200000| PB 0x000000070b200000| Complete |  0
|  49|0x000000070b400000, 0x000000070b600000, 0x000000070b600000|100%| E|CS|TAMS 0x000000070b400000| PB 0x000000070b400000| Complete |  0
|  50|0x000000070b600000, 0x000000070b800000, 0x000000070b800000|100%| E|CS|TAMS 0x000000070b600000| PB 0x000000070b600000| Complete |  0
|  51|0x000000070b800000, 0x000000070ba00000, 0x000000070ba00000|100%| E|CS|TAMS 0x000000070b800000| PB 0x000000070b800000| Complete |  0
|  52|0x000000070ba00000, 0x000000070bc00000, 0x000000070bc00000|100%| E|CS|TAMS 0x000000070ba00000| PB 0x000000070ba00000| Complete |  0
|  53|0x000000070bc00000, 0x000000070be00000, 0x000000070be00000|100%| E|CS|TAMS 0x000000070bc00000| PB 0x000000070bc00000| Complete |  0

Card table byte_map: [0x000001bcd7f30000,0x000001bcd8710000] _byte_map_base: 0x000001bcd4707000

Marking Bits: (CMBitMap*) 0x000001bcd09a5f30
 Bits: [0x000001bcd8710000, 0x000001bcdc5c8000)

Polling page: 0x000001bcce8a0000

Metaspace:

Usage:
  Non-class:     75.71 MB used.
      Class:     11.56 MB used.
       Both:     87.27 MB used.

Virtual space:
  Non-class space:      128.00 MB reserved,      76.06 MB ( 59%) committed,  2 nodes.
      Class space:        1.00 GB reserved,      11.94 MB (  1%) committed,  1 nodes.
             Both:        1.12 GB reserved,      88.00 MB (  8%) committed. 

Chunk freelists:
   Non-Class:  3.35 MB
       Class:  4.16 MB
        Both:  7.51 MB

MaxMetaspaceSize: unlimited
CompressedClassSpaceSize: 1.00 GB
Initial GC threshold: 21.00 MB
Current GC threshold: 146.56 MB
CDS: off
 - commit_granule_bytes: 65536.
 - commit_granule_words: 8192.
 - virtual_space_node_default_size: 8388608.
 - enlarge_chunks_in_place: 1.
 - use_allocation_guard: 0.


Internal statistics:

num_allocs_failed_limit: 9.
num_arena_births: 1218.
num_arena_deaths: 440.
num_vsnodes_births: 3.
num_vsnodes_deaths: 0.
num_space_committed: 1408.
num_space_uncommitted: 0.
num_chunks_returned_to_freelist: 494.
num_chunks_taken_from_freelist: 3938.
num_chunk_merges: 122.
num_chunk_splits: 2800.
num_chunks_enlarged: 2252.
num_inconsistent_stats: 0.

CodeCache: size=49152Kb used=16969Kb max_used=16969Kb free=32182Kb
 bounds [0x000001bcd4420000, 0x000001bcd54c0000, 0x000001bcd7420000]
 total_blobs=8456 nmethods=7684 adapters=694
 compilation: enabled
              stopped_count=0, restarted_count=0
 full_count=0

Compilation events (20 events):
Event: 379.443 Thread 0x000001bce452f1d0 nmethod 8881 0x000001bcd54ae890 code [0x000001bcd54aea20, 0x000001bcd54aeae8]
Event: 379.443 Thread 0x000001bce452f1d0 8884       1       com.mysql.cj.protocol.a.NativeServerSession::getServerSessionStateController (5 bytes)
Event: 379.443 Thread 0x000001bce452f8a0 8883       1       com.mysql.cj.protocol.a.result.OkPacket::getStatusFlags (5 bytes)
Event: 379.443 Thread 0x000001bce452f1d0 nmethod 8884 0x000001bcd54aeb90 code [0x000001bcd54aed20, 0x000001bcd54aedf0]
Event: 379.443 Thread 0x000001bce452f1d0 8885       1       com.mysql.cj.protocol.a.result.OkPacket::getSessionStateChanges (5 bytes)
Event: 379.443 Thread 0x000001bcdf388430 nmethod 8882 0x000001bcd54aee90 code [0x000001bcd54af020, 0x000001bcd54af138]
Event: 379.443 Thread 0x000001bcdf388430 8886       1       com.mysql.cj.jdbc.ConnectionImpl::getExceptionInterceptor (5 bytes)
Event: 379.443 Thread 0x000001bce452f1d0 nmethod 8885 0x000001bcd54af190 code [0x000001bcd54af320, 0x000001bcd54af3f0]
Event: 379.443 Thread 0x000001bce452f8a0 nmethod 8883 0x000001bcd54af490 code [0x000001bcd54af620, 0x000001bcd54af6e8]
Event: 379.443 Thread 0x000001bcdf388430 nmethod 8886 0x000001bcd54af790 code [0x000001bcd54af920, 0x000001bcd54af9f0]
Event: 379.477 Thread 0x000001bcdf388430 8887       1       java.security.spec.NamedParameterSpec::getName (5 bytes)
Event: 379.477 Thread 0x000001bcdf388430 nmethod 8887 0x000001bcd54afa90 code [0x000001bcd54afc20, 0x000001bcd54afcf0]
Event: 379.484 Thread 0x000001bcdf388430 8888       1       sun.security.util.DisabledAlgorithmConstraints::getNamedCurveFromKey (68 bytes)
Event: 379.484 Thread 0x000001bcdf388430 nmethod 8888 0x000001bcd54afd90 code [0x000001bcd54affc0, 0x000001bcd54b0660]
Event: 379.486 Thread 0x000001bcdf388430 8889       1       java.lang.Long::toString (55 bytes)
Event: 379.486 Thread 0x000001bcdf388430 nmethod 8889 0x000001bcd54b0910 code [0x000001bcd54b0ac0, 0x000001bcd54b0cf0]
Event: 379.486 Thread 0x000001bce452f8a0 8890   !   1       sun.security.ssl.SSLSocketInputRecord::bytesInCompletePacket (286 bytes)
Event: 379.486 Thread 0x000001bce452f1d0 8891       1       sun.security.ssl.ProtocolVersion::isNegotiable (71 bytes)
Event: 379.486 Thread 0x000001bce452f1d0 nmethod 8891 0x000001bcd54b0e10 code [0x000001bcd54b0fc0, 0x000001bcd54b1150]
Event: 379.487 Thread 0x000001bce452f8a0 nmethod 8890 0x000001bcd54b1210 code [0x000001bcd54b1500, 0x000001bcd54b1e48]

GC Heap History (20 events):
Event: 3.759 GC heap before
{Heap before GC invocations=14 (full 0):
 garbage-first heap   total reserved 4110336K, committed 159744K, used 48795K [0x0000000705200000, 0x0000000800000000)
  region size 2048K, 18 young (36864K), 5 survivors (10240K)
 Metaspace       used 59488K, committed 60096K, reserved 1114112K
  class space    used 7639K, committed 7936K, reserved 1048576K
}
Event: 3.766 GC heap after
{Heap after GC invocations=15 (full 0):
 garbage-first heap   total reserved 4110336K, committed 159744K, used 24715K [0x0000000705200000, 0x0000000800000000)
  region size 2048K, 3 young (6144K), 3 survivors (6144K)
 Metaspace       used 59488K, committed 60096K, reserved 1114112K
  class space    used 7639K, committed 7936K, reserved 1048576K
}
Event: 4.014 GC heap before
{Heap before GC invocations=16 (full 0):
 garbage-first heap   total reserved 4110336K, committed 90112K, used 69771K [0x0000000705200000, 0x0000000800000000)
  region size 2048K, 26 young (53248K), 3 survivors (6144K)
 Metaspace       used 64360K, committed 64960K, reserved 1114112K
  class space    used 8353K, committed 8640K, reserved 1048576K
}
Event: 4.020 GC heap after
{Heap after GC invocations=17 (full 0):
 garbage-first heap   total reserved 4110336K, committed 108544K, used 25665K [0x0000000705200000, 0x0000000800000000)
  region size 2048K, 3 young (6144K), 3 survivors (6144K)
 Metaspace       used 64360K, committed 64960K, reserved 1114112K
  class space    used 8353K, committed 8640K, reserved 1048576K
}
Event: 4.309 GC heap before
{Heap before GC invocations=17 (full 0):
 garbage-first heap   total reserved 4110336K, committed 108544K, used 83009K [0x0000000705200000, 0x0000000800000000)
  region size 2048K, 31 young (63488K), 3 survivors (6144K)
 Metaspace       used 69237K, committed 69824K, reserved 1114112K
  class space    used 9202K, committed 9472K, reserved 1048576K
}
Event: 4.320 GC heap after
{Heap after GC invocations=18 (full 0):
 garbage-first heap   total reserved 4110336K, committed 108544K, used 26253K [0x0000000705200000, 0x0000000800000000)
  region size 2048K, 3 young (6144K), 3 survivors (6144K)
 Metaspace       used 69237K, committed 69824K, reserved 1114112K
  class space    used 9202K, committed 9472K, reserved 1048576K
}
Event: 4.640 GC heap before
{Heap before GC invocations=18 (full 0):
 garbage-first heap   total reserved 4110336K, committed 108544K, used 83597K [0x0000000705200000, 0x0000000800000000)
  region size 2048K, 31 young (63488K), 3 survivors (6144K)
 Metaspace       used 73983K, committed 74624K, reserved 1114112K
  class space    used 9915K, committed 10176K, reserved 1048576K
}
Event: 4.648 GC heap after
{Heap after GC invocations=19 (full 0):
 garbage-first heap   total reserved 4110336K, committed 108544K, used 29029K [0x0000000705200000, 0x0000000800000000)
  region size 2048K, 3 young (6144K), 3 survivors (6144K)
 Metaspace       used 73983K, committed 74624K, reserved 1114112K
  class space    used 9915K, committed 10176K, reserved 1048576K
}
Event: 4.945 GC heap before
{Heap before GC invocations=19 (full 0):
 garbage-first heap   total reserved 4110336K, committed 108544K, used 84325K [0x0000000705200000, 0x0000000800000000)
  region size 2048K, 31 young (63488K), 3 survivors (6144K)
 Metaspace       used 77896K, committed 78528K, reserved 1179648K
  class space    used 10594K, committed 10880K, reserved 1048576K
}
Event: 4.956 GC heap after
{Heap after GC invocations=20 (full 0):
 garbage-first heap   total reserved 4110336K, committed 108544K, used 31255K [0x0000000705200000, 0x0000000800000000)
  region size 2048K, 3 young (6144K), 3 survivors (6144K)
 Metaspace       used 77896K, committed 78528K, reserved 1179648K
  class space    used 10594K, committed 10880K, reserved 1048576K
}
Event: 232.274 GC heap before
{Heap before GC invocations=20 (full 0):
 garbage-first heap   total reserved 4110336K, committed 108544K, used 88599K [0x0000000705200000, 0x0000000800000000)
  region size 2048K, 31 young (63488K), 3 survivors (6144K)
 Metaspace       used 81281K, committed 82048K, reserved 1179648K
  class space    used 11083K, committed 11392K, reserved 1048576K
}
Event: 232.285 GC heap after
{Heap after GC invocations=21 (full 0):
 garbage-first heap   total reserved 4110336K, committed 137216K, used 34750K [0x0000000705200000, 0x0000000800000000)
  region size 2048K, 3 young (6144K), 3 survivors (6144K)
 Metaspace       used 81281K, committed 82048K, reserved 1179648K
  class space    used 11083K, committed 11392K, reserved 1048576K
}
Event: 232.786 GC heap before
{Heap before GC invocations=21 (full 0):
 garbage-first heap   total reserved 4110336K, committed 137216K, used 108478K [0x0000000705200000, 0x0000000800000000)
  region size 2048K, 40 young (81920K), 3 survivors (6144K)
 Metaspace       used 88059K, committed 88832K, reserved 1179648K
  class space    used 11717K, committed 12096K, reserved 1048576K
}
Event: 232.789 GC heap after
{Heap after GC invocations=22 (full 0):
 garbage-first heap   total reserved 4110336K, committed 137216K, used 35790K [0x0000000705200000, 0x0000000800000000)
  region size 2048K, 4 young (8192K), 4 survivors (8192K)
 Metaspace       used 88059K, committed 88832K, reserved 1179648K
  class space    used 11717K, committed 12096K, reserved 1048576K
}
Event: 356.441 GC heap before
{Heap before GC invocations=22 (full 0):
 garbage-first heap   total reserved 4110336K, committed 137216K, used 56270K [0x0000000705200000, 0x0000000800000000)
  region size 2048K, 15 young (30720K), 4 survivors (8192K)
 Metaspace       used 89248K, committed 90048K, reserved 1179648K
  class space    used 11862K, committed 12224K, reserved 1048576K
}
Event: 356.470 GC heap after
{Heap after GC invocations=23 (full 1):
 garbage-first heap   total reserved 4110336K, committed 110592K, used 26736K [0x0000000705200000, 0x0000000800000000)
  region size 2048K, 0 young (0K), 0 survivors (0K)
 Metaspace       used 88957K, committed 90048K, reserved 1179648K
  class space    used 11783K, committed 12224K, reserved 1048576K
}
Event: 357.778 GC heap before
{Heap before GC invocations=23 (full 1):
 garbage-first heap   total reserved 4110336K, committed 110592K, used 90224K [0x0000000705200000, 0x0000000800000000)
  region size 2048K, 32 young (65536K), 0 survivors (0K)
 Metaspace       used 89284K, committed 90048K, reserved 1179648K
  class space    used 11842K, committed 12224K, reserved 1048576K
}
Event: 357.781 GC heap after
{Heap after GC invocations=24 (full 1):
 garbage-first heap   total reserved 4110336K, committed 110592K, used 32686K [0x0000000705200000, 0x0000000800000000)
  region size 2048K, 3 young (6144K), 3 survivors (6144K)
 Metaspace       used 89284K, committed 90048K, reserved 1179648K
  class space    used 11842K, committed 12224K, reserved 1048576K
}
Event: 378.710 GC heap before
{Heap before GC invocations=25 (full 1):
 garbage-first heap   total reserved 4110336K, committed 110592K, used 65454K [0x0000000705200000, 0x0000000800000000)
  region size 2048K, 20 young (40960K), 3 survivors (6144K)
 Metaspace       used 89328K, committed 90112K, reserved 1179648K
  class space    used 11839K, committed 12224K, reserved 1048576K
}
Event: 378.746 GC heap after
{Heap after GC invocations=26 (full 2):
 garbage-first heap   total reserved 4110336K, committed 110592K, used 29011K [0x0000000705200000, 0x0000000800000000)
  region size 2048K, 0 young (0K), 0 survivors (0K)
 Metaspace       used 89276K, committed 90112K, reserved 1179648K
  class space    used 11827K, committed 12224K, reserved 1048576K
}

Dll operation events (12 events):
Event: 0.009 Loaded shared library C:\Users\tnsad\.p2\pool\plugins\org.eclipse.justj.openjdk.hotspot.jre.full.win32.x86_64_22.0.1.v20240426-1149\jre\bin\java.dll
Event: 0.013 Loaded shared library C:\Users\tnsad\.p2\pool\plugins\org.eclipse.justj.openjdk.hotspot.jre.full.win32.x86_64_22.0.1.v20240426-1149\jre\bin\zip.dll
Event: 0.320 Loaded shared library C:\Users\tnsad\.p2\pool\plugins\org.eclipse.justj.openjdk.hotspot.jre.full.win32.x86_64_22.0.1.v20240426-1149\jre\bin\instrument.dll
Event: 0.328 Loaded shared library C:\Users\tnsad\.p2\pool\plugins\org.eclipse.justj.openjdk.hotspot.jre.full.win32.x86_64_22.0.1.v20240426-1149\jre\bin\net.dll
Event: 0.328 Loaded shared library C:\Users\tnsad\.p2\pool\plugins\org.eclipse.justj.openjdk.hotspot.jre.full.win32.x86_64_22.0.1.v20240426-1149\jre\bin\nio.dll
Event: 0.334 Loaded shared library C:\Users\tnsad\.p2\pool\plugins\org.eclipse.justj.openjdk.hotspot.jre.full.win32.x86_64_22.0.1.v20240426-1149\jre\bin\zip.dll
Event: 0.473 Loaded shared library C:\Users\tnsad\.p2\pool\plugins\org.eclipse.justj.openjdk.hotspot.jre.full.win32.x86_64_22.0.1.v20240426-1149\jre\bin\jimage.dll
Event: 0.520 Loaded shared library C:\Users\tnsad\.p2\pool\plugins\org.eclipse.justj.openjdk.hotspot.jre.full.win32.x86_64_22.0.1.v20240426-1149\jre\bin\management.dll
Event: 0.529 Loaded shared library C:\Users\tnsad\.p2\pool\plugins\org.eclipse.justj.openjdk.hotspot.jre.full.win32.x86_64_22.0.1.v20240426-1149\jre\bin\management_ext.dll
Event: 0.708 Loaded shared library C:\Users\tnsad\.p2\pool\plugins\org.eclipse.justj.openjdk.hotspot.jre.full.win32.x86_64_22.0.1.v20240426-1149\jre\bin\extnet.dll
Event: 0.730 Loaded shared library C:\Users\tnsad\.p2\pool\plugins\org.eclipse.justj.openjdk.hotspot.jre.full.win32.x86_64_22.0.1.v20240426-1149\jre\bin\verify.dll
Event: 1.623 Loaded shared library C:\Users\tnsad\.p2\pool\plugins\org.eclipse.justj.openjdk.hotspot.jre.full.win32.x86_64_22.0.1.v20240426-1149\jre\bin\sunmscapi.dll

Deoptimization events (20 events):
Event: 379.096 Thread 0x000001bce4ca1e70 DEOPT PACKING pc=0x000001bcd4bdb66c sp=0x00000025912f9400
Event: 379.096 Thread 0x000001bce4ca1e70 DEOPT UNPACKING pc=0x000001bcd4474e42 sp=0x00000025912f8938 mode 1
Event: 379.096 Thread 0x000001bce4ca1e70 DEOPT PACKING pc=0x000001bcd4bdc64c sp=0x00000025912f94f0
Event: 379.096 Thread 0x000001bce4ca1e70 DEOPT UNPACKING pc=0x000001bcd4474e42 sp=0x00000025912f8aa0 mode 1
Event: 379.096 Thread 0x000001bce4ca1e70 DEOPT PACKING pc=0x000001bcd4bde9fc sp=0x00000025912f9660
Event: 379.096 Thread 0x000001bce4ca1e70 DEOPT UNPACKING pc=0x000001bcd4474e42 sp=0x00000025912f8c20 mode 1
Event: 379.097 Thread 0x000001bce4ca1e70 DEOPT PACKING pc=0x000001bcd4bdb66c sp=0x00000025912fc760
Event: 379.097 Thread 0x000001bce4ca1e70 DEOPT UNPACKING pc=0x000001bcd4474e42 sp=0x00000025912fbc98 mode 1
Event: 379.097 Thread 0x000001bce4ca1e70 DEOPT PACKING pc=0x000001bcd4bdc64c sp=0x00000025912fc850
Event: 379.097 Thread 0x000001bce4ca1e70 DEOPT UNPACKING pc=0x000001bcd4474e42 sp=0x00000025912fbe00 mode 1
Event: 379.097 Thread 0x000001bce4ca1e70 DEOPT PACKING pc=0x000001bcd4bde9fc sp=0x00000025912fc9c0
Event: 379.097 Thread 0x000001bce4ca1e70 DEOPT UNPACKING pc=0x000001bcd4474e42 sp=0x00000025912fbf80 mode 1
Event: 379.097 Thread 0x000001bce4ca1e70 DEOPT PACKING pc=0x000001bcd4bdb66c sp=0x00000025912fc970
Event: 379.098 Thread 0x000001bce4ca1e70 DEOPT UNPACKING pc=0x000001bcd4474e42 sp=0x00000025912fbea8 mode 1
Event: 379.098 Thread 0x000001bce4ca1e70 DEOPT PACKING pc=0x000001bcd4bdc64c sp=0x00000025912fca60
Event: 379.098 Thread 0x000001bce4ca1e70 DEOPT UNPACKING pc=0x000001bcd4474e42 sp=0x00000025912fc010 mode 1
Event: 379.098 Thread 0x000001bce4ca1e70 DEOPT PACKING pc=0x000001bcd4bde9fc sp=0x00000025912fcbd0
Event: 379.098 Thread 0x000001bce4ca1e70 DEOPT UNPACKING pc=0x000001bcd4474e42 sp=0x00000025912fc190 mode 1
Event: 382.091 Thread 0x000001bce4ca1e70 DEOPT PACKING pc=0x000001bcd4863d7c sp=0x00000025912fd810
Event: 382.091 Thread 0x000001bce4ca1e70 DEOPT UNPACKING pc=0x000001bcd4474e42 sp=0x00000025912fccc8 mode 0

Classes loaded (20 events):
Event: 356.429 Loading class sun/security/ssl/Alert$AlertConsumer
Event: 356.429 Loading class sun/security/ssl/Alert$AlertConsumer done
Event: 356.429 Loading class sun/security/ssl/Alert$Level
Event: 356.430 Loading class sun/security/ssl/Alert$Level done
Event: 356.430 Loading class sun/net/ConnectionResetException
Event: 356.430 Loading class sun/net/ConnectionResetException done
Event: 356.440 Loading class java/util/WeakHashMap$KeyIterator
Event: 356.440 Loading class java/util/WeakHashMap$HashIterator
Event: 356.440 Loading class java/util/WeakHashMap$HashIterator done
Event: 356.440 Loading class java/util/WeakHashMap$KeyIterator done
Event: 356.470 Loading class java/lang/ref/Finalizer$2
Event: 356.470 Loading class java/lang/ref/Finalizer$2 done
Event: 356.471 Loading class java/lang/ref/Finalizer$1
Event: 356.471 Loading class java/lang/ref/Finalizer$1 done
Event: 356.700 Loading class java/util/WeakHashMap$EntrySet
Event: 356.700 Loading class java/util/WeakHashMap$EntrySet done
Event: 356.700 Loading class java/util/WeakHashMap$EntryIterator
Event: 356.700 Loading class java/util/WeakHashMap$EntryIterator done
Event: 357.819 Loading class java/time/DurationEditor
Event: 357.819 Loading class java/time/DurationEditor done

Classes unloaded (20 events):
Event: 378.721 Thread 0x000001bcdf2ebac0 Unloading class 0x0000000080ac0800 'java/lang/invoke/LambdaForm$MH+0x0000000080ac0800'
Event: 378.721 Thread 0x000001bcdf2ebac0 Unloading class 0x0000000080ab6800 'java/lang/invoke/LambdaForm$MH+0x0000000080ab6800'
Event: 378.721 Thread 0x000001bcdf2ebac0 Unloading class 0x0000000080ab6400 'java/lang/invoke/LambdaForm$MH+0x0000000080ab6400'
Event: 378.721 Thread 0x000001bcdf2ebac0 Unloading class 0x0000000080ab5000 'java/lang/invoke/LambdaForm$MH+0x0000000080ab5000'
Event: 378.721 Thread 0x000001bcdf2ebac0 Unloading class 0x0000000080ab4c00 'java/lang/invoke/LambdaForm$MH+0x0000000080ab4c00'
Event: 378.721 Thread 0x000001bcdf2ebac0 Unloading class 0x0000000080aad400 'java/lang/invoke/LambdaForm$MH+0x0000000080aad400'
Event: 378.721 Thread 0x000001bcdf2ebac0 Unloading class 0x0000000080aac400 'java/lang/invoke/LambdaForm$MH+0x0000000080aac400'
Event: 378.721 Thread 0x000001bcdf2ebac0 Unloading class 0x0000000080884800 'java/lang/invoke/LambdaForm$MH+0x0000000080884800'
Event: 378.721 Thread 0x000001bcdf2ebac0 Unloading class 0x000000008057d800 'java/lang/invoke/LambdaForm$MH+0x000000008057d800'
Event: 378.721 Thread 0x000001bcdf2ebac0 Unloading class 0x000000008056ec00 'java/lang/invoke/LambdaForm$MH+0x000000008056ec00'
Event: 378.721 Thread 0x000001bcdf2ebac0 Unloading class 0x000000008056e800 'java/lang/invoke/LambdaForm$MH+0x000000008056e800'
Event: 378.721 Thread 0x000001bcdf2ebac0 Unloading class 0x000000008056c800 'java/lang/invoke/LambdaForm$MH+0x000000008056c800'
Event: 378.721 Thread 0x000001bcdf2ebac0 Unloading class 0x0000000080be8000 'org/apache/catalina/loader/JdbcLeakPrevention'
Event: 378.721 Thread 0x000001bcdf2ebac0 Unloading class 0x0000000080514c00 'java/lang/invoke/LambdaForm$MH+0x0000000080514c00'
Event: 378.721 Thread 0x000001bcdf2ebac0 Unloading class 0x00000000804f2400 'java/lang/invoke/LambdaForm$MH+0x00000000804f2400'
Event: 378.721 Thread 0x000001bcdf2ebac0 Unloading class 0x00000000804f1c00 'java/lang/invoke/LambdaForm$MH+0x00000000804f1c00'
Event: 378.721 Thread 0x000001bcdf2ebac0 Unloading class 0x00000000804f0c00 'java/lang/invoke/LambdaForm$MH+0x00000000804f0c00'
Event: 378.721 Thread 0x000001bcdf2ebac0 Unloading class 0x00000000804d8c00 'java/lang/invoke/LambdaForm$MH+0x00000000804d8c00'
Event: 378.721 Thread 0x000001bcdf2ebac0 Unloading class 0x00000000804b8000 'java/lang/invoke/LambdaForm$MH+0x00000000804b8000'
Event: 378.721 Thread 0x000001bcdf2ebac0 Unloading class 0x0000000080291400 'java/lang/invoke/LambdaForm$MH+0x0000000080291400'

Classes redefined (6 events):
Event: 355.576 Thread 0x000001bcdf2ebac0 redefined class name=com.klef.jfsd.springboot.controller.StudentController, count=1
Event: 377.042 Thread 0x000001bcdf2ebac0 redefined class name=com.klef.jfsd.springboot.controller.AdminController, count=1
Event: 377.042 Thread 0x000001bcdf2ebac0 redefined class name=com.klef.jfsd.springboot.controller.AdminController, count=1
Event: 382.109 Thread 0x000001bcdf2ebac0 redefined class name=com.klef.jfsd.springboot.controller.AdminController, count=2
Event: 382.109 Thread 0x000001bcdf2ebac0 redefined class name=com.klef.jfsd.springboot.controller.AdminController, count=1
Event: 382.109 Thread 0x000001bcdf2ebac0 redefined class name=com.klef.jfsd.springboot.controller.AdminController, count=2

Internal exceptions (20 events):
Event: 357.561 Thread 0x000001bce45932b0 Exception <a 'java/lang/NoClassDefFoundError'{0x000000070a527980}: org/quartz/Scheduler> (0x000000070a527980) 
thrown [s\src\hotspot\share\oops\constantPool.cpp, line 872]
Event: 357.561 Thread 0x000001bce45932b0 Exception <a 'java/lang/NoClassDefFoundError'{0x000000070a528000}: org/springframework/session/jdbc/JdbcIndexedSessionRepository> (0x000000070a528000) 
thrown [s\src\hotspot\share\oops\constantPool.cpp, line 872]
Event: 357.565 Thread 0x000001bce45932b0 Exception <a 'java/lang/NoSuchMethodError'{0x000000070a5b6750}: 'void java.lang.invoke.DelegatingMethodHandle$Holder.reinvoke_L(java.lang.Object, java.lang.Object, int)'> (0x000000070a5b6750) 
thrown [s\src\hotspot\share\interpreter\linkResolver.cpp, line 774]
Event: 357.601 Thread 0x000001bce45932b0 Exception <a 'java/lang/NoSuchMethodError'{0x0000000709d5c210}: 'int java.lang.invoke.DirectMethodHandle$Holder.invokeVirtual(java.lang.Object, java.lang.Object, java.lang.Object, java.lang.Object)'> (0x0000000709d5c210) 
thrown [s\src\hotspot\share\interpreter\linkResolver.cpp, line 774]
Event: 357.601 Thread 0x000001bce45932b0 Exception <a 'java/lang/NoSuchMethodError'{0x0000000709d5f7f8}: 'int java.lang.invoke.DelegatingMethodHandle$Holder.reinvoke_L(java.lang.Object, java.lang.Object, java.lang.Object, java.lang.Object)'> (0x0000000709d5f7f8) 
thrown [s\src\hotspot\share\interpreter\linkResolver.cpp, line 774]
Event: 357.609 Thread 0x000001bce45932b0 Exception <a 'java/io/FileNotFoundException'{0x0000000709dbd5a8}> (0x0000000709dbd5a8) 
thrown [s\src\hotspot\share\prims\jni.cpp, line 520]
Event: 357.634 Thread 0x000001bce45932b0 Exception <a 'java/lang/NoSuchMethodError'{0x00000007099e3c98}: 'void java.lang.invoke.DirectMethodHandle$Holder.invokeVirtual(java.lang.Object, java.lang.Object, java.lang.Object, java.lang.Object, java.lang.Object)'> (0x00000007099e3c98) 
thrown [s\src\hotspot\share\interpreter\linkResolver.cpp, line 774]
Event: 357.929 Thread 0x000001bce4ca52f0 Exception <a 'java/lang/NoSuchMethodError'{0x000000070a81a390}: static [B.<clinit>()V> (0x000000070a81a390) 
thrown [s\src\hotspot\share\prims\jni.cpp, line 1111]
Event: 378.705 Thread 0x000001bce4ca4c60 Exception <a 'java/io/IOException'{0x0000000709c5a9b8}> (0x0000000709c5a9b8) 
thrown [s\src\hotspot\share\prims\jni.cpp, line 520]
Event: 378.706 Thread 0x000001bce4ca4c60 Exception <a 'java/io/IOException'{0x0000000709c5b8c8}> (0x0000000709c5b8c8) 
thrown [s\src\hotspot\share\prims\jni.cpp, line 520]
Event: 378.707 Thread 0x000001bce4ca4c60 Exception <a 'java/io/IOException'{0x0000000709c630e8}> (0x0000000709c630e8) 
thrown [s\src\hotspot\share\prims\jni.cpp, line 520]
Event: 378.709 Thread 0x000001bce4592c20 Exception <a 'java/lang/InterruptedException'{0x0000000709c900f8}: sleep interrupted> (0x0000000709c900f8) 
thrown [s\src\hotspot\share\prims\jvm.cpp, line 3093]
Event: 378.756 Thread 0x000001bce4ca1e70 Exception <a 'sun/nio/fs/WindowsException'{0x000000070bc834f0}> (0x000000070bc834f0) 
thrown [s\src\hotspot\share\prims\jni.cpp, line 520]
Event: 378.931 Thread 0x000001bce4ca1e70 Exception <a 'java/lang/NoClassDefFoundError'{0x000000070a752590}: org/flywaydb/core/Flyway> (0x000000070a752590) 
thrown [s\src\hotspot\share\oops\constantPool.cpp, line 872]
Event: 378.932 Thread 0x000001bce4ca1e70 Exception <a 'java/lang/NoClassDefFoundError'{0x000000070a752bf0}: liquibase/integration/spring/SpringLiquibase> (0x000000070a752bf0) 
thrown [s\src\hotspot\share\oops\constantPool.cpp, line 872]
Event: 378.935 Thread 0x000001bce4ca1e70 Exception <a 'java/lang/NoClassDefFoundError'{0x000000070a7b35b8}: org/jooq/DSLContext> (0x000000070a7b35b8) 
thrown [s\src\hotspot\share\oops\constantPool.cpp, line 872]
Event: 378.936 Thread 0x000001bce4ca1e70 Exception <a 'java/lang/NoClassDefFoundError'{0x000000070a7bf338}: org/springframework/batch/core/repository/JobRepository> (0x000000070a7bf338) 
thrown [s\src\hotspot\share\oops\constantPool.cpp, line 872]
Event: 378.936 Thread 0x000001bce4ca1e70 Exception <a 'java/lang/NoClassDefFoundError'{0x000000070a7bfa20}: org/quartz/Scheduler> (0x000000070a7bfa20) 
thrown [s\src\hotspot\share\oops\constantPool.cpp, line 872]
Event: 378.937 Thread 0x000001bce4ca1e70 Exception <a 'java/lang/NoClassDefFoundError'{0x000000070a7c00a0}: org/springframework/session/jdbc/JdbcIndexedSessionRepository> (0x000000070a7c00a0) 
thrown [s\src\hotspot\share\oops\constantPool.cpp, line 872]
Event: 378.968 Thread 0x000001bce4ca1e70 Exception <a 'java/io/FileNotFoundException'{0x0000000709f40a80}> (0x0000000709f40a80) 
thrown [s\src\hotspot\share\prims\jni.cpp, line 520]

ZGC Phase Switch (0 events):
No events

VM Operations (20 events):
Event: 360.721 Executing VM operation: RendezvousGCThreads
Event: 360.721 Executing VM operation: RendezvousGCThreads done
Event: 361.722 Executing VM operation: Cleanup
Event: 361.722 Executing VM operation: Cleanup done
Event: 377.038 Executing VM operation: RedefineClasses
Event: 377.053 Executing VM operation: RedefineClasses done
Event: 378.710 Executing VM operation: G1CollectFull (System.gc())
Event: 378.746 Executing VM operation: G1CollectFull (System.gc()) done
Event: 379.156 Executing VM operation: ICBufferFull
Event: 379.156 Executing VM operation: ICBufferFull done
Event: 380.156 Executing VM operation: Cleanup
Event: 380.156 Executing VM operation: Cleanup done
Event: 382.091 Executing VM operation: ChangeSingleStep
Event: 382.091 Executing VM operation: ChangeSingleStep done
Event: 382.091 Executing VM operation: ChangeSingleStep
Event: 382.091 Executing VM operation: ChangeSingleStep done
Event: 382.102 Executing VM operation: RedefineClasses
Event: 382.121 Executing VM operation: RedefineClasses done
Event: 382.123 Executing VM operation: ChangeSingleStep
Event: 382.123 Executing VM operation: ChangeSingleStep done

Events (20 events):
Event: 378.729 Thread 0x000001bcdf2ebac0 flushing nmethod 0x000001bcd4faa310
Event: 378.729 Thread 0x000001bcdf2ebac0 flushing nmethod 0x000001bcd4fb7190
Event: 378.729 Thread 0x000001bcdf2ebac0 flushing nmethod 0x000001bcd4fb7f90
Event: 378.729 Thread 0x000001bcdf2ebac0 flushing nmethod 0x000001bcd4fb8410
Event: 378.729 Thread 0x000001bcdf2ebac0 flushing nmethod 0x000001bcd4fb8710
Event: 378.729 Thread 0x000001bcdf2ebac0 flushing nmethod 0x000001bcd4fb9590
Event: 378.729 Thread 0x000001bcdf2ebac0 flushing nmethod 0x000001bcd4fbc510
Event: 378.746 Thread 0x000001bce4ca2b90 Thread added: 0x000001bce4ca2b90
Event: 378.746 Thread 0x000001bce4593940 Thread exited: 0x000001bce4593940
Event: 378.747 Thread 0x000001bce4ca2b90 Thread exited: 0x000001bce4ca2b90
Event: 378.747 Thread 0x000001bce4ca1e70 Thread added: 0x000001bce4ca1e70
Event: 378.785 Thread 0x000001bce4ca66a0 Thread added: 0x000001bce4ca66a0
Event: 378.816 Thread 0x000001bce4ca66a0 Thread exited: 0x000001bce4ca66a0
Event: 378.954 Thread 0x000001bce452f8a0 Thread added: 0x000001bce452f8a0
Event: 379.021 Thread 0x000001bce4ca4c60 Thread added: 0x000001bce4ca4c60
Event: 379.021 Thread 0x000001bce4ca80e0 Thread added: 0x000001bce4ca80e0
Event: 379.021 Thread 0x000001bce4ca2b90 Thread added: 0x000001bce4ca2b90
Event: 379.053 Thread 0x000001bce4ca38b0 Thread added: 0x000001bce4ca38b0
Event: 379.069 Thread 0x000001bce452f1d0 Thread added: 0x000001bce452f1d0
Event: 379.154 Thread 0x000001bce4ca7a50 Thread added: 0x000001bce4ca7a50


Dynamic libraries:
0x00007ff6b12e0000 - 0x00007ff6b12ee000 	C:\Users\tnsad\.p2\pool\plugins\org.eclipse.justj.openjdk.hotspot.jre.full.win32.x86_64_22.0.1.v20240426-1149\jre\bin\javaw.exe
0x00007ffb71b70000 - 0x00007ffb71d87000 	C:\WINDOWS\SYSTEM32\ntdll.dll
0x00007ffb711d0000 - 0x00007ffb71294000 	C:\WINDOWS\System32\KERNEL32.DLL
0x00007ffb6ef10000 - 0x00007ffb6f2c9000 	C:\WINDOWS\System32\KERNELBASE.dll
0x00007ffb6f4d0000 - 0x00007ffb6f5e1000 	C:\WINDOWS\System32\ucrtbase.dll
0x00007ffb486d0000 - 0x00007ffb486e7000 	C:\Users\tnsad\.p2\pool\plugins\org.eclipse.justj.openjdk.hotspot.jre.full.win32.x86_64_22.0.1.v20240426-1149\jre\bin\jli.dll
0x00007ffb71960000 - 0x00007ffb71b0e000 	C:\WINDOWS\System32\USER32.dll
0x00007ffb6f4a0000 - 0x00007ffb6f4c6000 	C:\WINDOWS\System32\win32u.dll
0x00007ffb707e0000 - 0x00007ffb70809000 	C:\WINDOWS\System32\GDI32.dll
0x00007ffb6f300000 - 0x00007ffb6f41b000 	C:\WINDOWS\System32\gdi32full.dll
0x00007ffb6ee70000 - 0x00007ffb6ef0a000 	C:\WINDOWS\System32\msvcp_win.dll
0x00007ffb39b10000 - 0x00007ffb39b2b000 	C:\Users\tnsad\.p2\pool\plugins\org.eclipse.justj.openjdk.hotspot.jre.full.win32.x86_64_22.0.1.v20240426-1149\jre\bin\VCRUNTIME140.dll
0x00007ffb45ea0000 - 0x00007ffb46132000 	C:\WINDOWS\WinSxS\amd64_microsoft.windows.common-controls_6595b64144ccf1df_6.0.22621.4391_none_2715d37f73803e96\COMCTL32.dll
0x00007ffb712a0000 - 0x00007ffb71347000 	C:\WINDOWS\System32\msvcrt.dll
0x00007ffb6f9a0000 - 0x00007ffb6f9d1000 	C:\WINDOWS\System32\IMM32.DLL
0x00007ffb65a00000 - 0x00007ffb65a0c000 	C:\Users\tnsad\.p2\pool\plugins\org.eclipse.justj.openjdk.hotspot.jre.full.win32.x86_64_22.0.1.v20240426-1149\jre\bin\vcruntime140_1.dll
0x00007ffb22000000 - 0x00007ffb2208e000 	C:\Users\tnsad\.p2\pool\plugins\org.eclipse.justj.openjdk.hotspot.jre.full.win32.x86_64_22.0.1.v20240426-1149\jre\bin\msvcp140.dll
0x00007ffaff320000 - 0x00007ffb000e2000 	C:\Users\tnsad\.p2\pool\plugins\org.eclipse.justj.openjdk.hotspot.jre.full.win32.x86_64_22.0.1.v20240426-1149\jre\bin\server\jvm.dll
0x00007ffb71560000 - 0x00007ffb71612000 	C:\WINDOWS\System32\ADVAPI32.dll
0x00007ffb71350000 - 0x00007ffb713f7000 	C:\WINDOWS\System32\sechost.dll
0x00007ffb6f2d0000 - 0x00007ffb6f2f8000 	C:\WINDOWS\System32\bcrypt.dll
0x00007ffb702e0000 - 0x00007ffb703f4000 	C:\WINDOWS\System32\RPCRT4.dll
0x00007ffb714e0000 - 0x00007ffb71551000 	C:\WINDOWS\System32\WS2_32.dll
0x00007ffb6ed40000 - 0x00007ffb6ed8d000 	C:\WINDOWS\SYSTEM32\POWRPROF.dll
0x00007ffb60500000 - 0x00007ffb6050a000 	C:\WINDOWS\SYSTEM32\VERSION.dll
0x00007ffb667b0000 - 0x00007ffb667e4000 	C:\WINDOWS\SYSTEM32\WINMM.dll
0x00007ffb6ed20000 - 0x00007ffb6ed33000 	C:\WINDOWS\SYSTEM32\UMPDC.dll
0x00007ffb6deb0000 - 0x00007ffb6dec8000 	C:\WINDOWS\SYSTEM32\kernel.appcore.dll
0x00007ffb646a0000 - 0x00007ffb646aa000 	C:\Users\tnsad\.p2\pool\plugins\org.eclipse.justj.openjdk.hotspot.jre.full.win32.x86_64_22.0.1.v20240426-1149\jre\bin\jimage.dll
0x00007ffb6c7c0000 - 0x00007ffb6c9f2000 	C:\WINDOWS\SYSTEM32\DBGHELP.DLL
0x00007ffb70810000 - 0x00007ffb70b9f000 	C:\WINDOWS\System32\combase.dll
0x00007ffb71400000 - 0x00007ffb714d7000 	C:\WINDOWS\System32\OLEAUT32.dll
0x00007ffb4ce00000 - 0x00007ffb4ce32000 	C:\WINDOWS\SYSTEM32\dbgcore.DLL
0x00007ffb6f420000 - 0x00007ffb6f49b000 	C:\WINDOWS\System32\bcryptPrimitives.dll
0x00007ffb36f00000 - 0x00007ffb36f3c000 	C:\Users\tnsad\.p2\pool\plugins\org.eclipse.justj.openjdk.hotspot.jre.full.win32.x86_64_22.0.1.v20240426-1149\jre\bin\jdwp.dll
0x00007ffb62bd0000 - 0x00007ffb62bdf000 	C:\Users\tnsad\.p2\pool\plugins\org.eclipse.justj.openjdk.hotspot.jre.full.win32.x86_64_22.0.1.v20240426-1149\jre\bin\instrument.dll
0x00007ffb635d0000 - 0x00007ffb635ee000 	C:\Users\tnsad\.p2\pool\plugins\org.eclipse.justj.openjdk.hotspot.jre.full.win32.x86_64_22.0.1.v20240426-1149\jre\bin\java.dll
0x00007ffb6f9f0000 - 0x00007ffb70266000 	C:\WINDOWS\System32\SHELL32.dll
0x00007ffb70ba0000 - 0x00007ffb70d45000 	C:\WINDOWS\System32\ole32.dll
0x00007ffb62d30000 - 0x00007ffb62d47000 	C:\Users\tnsad\.p2\pool\plugins\org.eclipse.justj.openjdk.hotspot.jre.full.win32.x86_64_22.0.1.v20240426-1149\jre\bin\zip.dll
0x00007ffb6cdb0000 - 0x00007ffb6d6b3000 	C:\WINDOWS\SYSTEM32\windows.storage.dll
0x00007ffb6cc70000 - 0x00007ffb6cdaf000 	C:\WINDOWS\SYSTEM32\wintypes.dll
0x00007ffb6f890000 - 0x00007ffb6f989000 	C:\WINDOWS\System32\SHCORE.dll
0x00007ffb70270000 - 0x00007ffb702ce000 	C:\WINDOWS\System32\shlwapi.dll
0x00007ffb6eda0000 - 0x00007ffb6edcb000 	C:\WINDOWS\SYSTEM32\profapi.dll
0x00007ffb4a340000 - 0x00007ffb4a34c000 	C:\Users\tnsad\.p2\pool\plugins\org.eclipse.justj.openjdk.hotspot.jre.full.win32.x86_64_22.0.1.v20240426-1149\jre\bin\dt_socket.dll
0x00007ffb6d920000 - 0x00007ffb6d94d000 	C:\WINDOWS\SYSTEM32\IPHLPAPI.DLL
0x00007ffb6e330000 - 0x00007ffb6e399000 	C:\WINDOWS\system32\mswsock.dll
0x00007ffb6d990000 - 0x00007ffb6da92000 	C:\WINDOWS\SYSTEM32\DNSAPI.dll
0x00007ffb71620000 - 0x00007ffb71629000 	C:\WINDOWS\System32\NSI.dll
0x00007ffb666a0000 - 0x00007ffb666aa000 	C:\Windows\System32\rasadhlp.dll
0x00007ffb64290000 - 0x00007ffb64313000 	C:\WINDOWS\System32\fwpuclnt.dll
0x00007ffb62d20000 - 0x00007ffb62d30000 	C:\Users\tnsad\.p2\pool\plugins\org.eclipse.justj.openjdk.hotspot.jre.full.win32.x86_64_22.0.1.v20240426-1149\jre\bin\net.dll
0x00007ffb3dcf0000 - 0x00007ffb3dd06000 	C:\Users\tnsad\.p2\pool\plugins\org.eclipse.justj.openjdk.hotspot.jre.full.win32.x86_64_22.0.1.v20240426-1149\jre\bin\nio.dll
0x00007ffb34180000 - 0x00007ffb3418a000 	C:\Users\tnsad\.p2\pool\plugins\org.eclipse.justj.openjdk.hotspot.jre.full.win32.x86_64_22.0.1.v20240426-1149\jre\bin\management.dll
0x00007ffb338b0000 - 0x00007ffb338bb000 	C:\Users\tnsad\.p2\pool\plugins\org.eclipse.justj.openjdk.hotspot.jre.full.win32.x86_64_22.0.1.v20240426-1149\jre\bin\management_ext.dll
0x00007ffb6f990000 - 0x00007ffb6f998000 	C:\WINDOWS\System32\PSAPI.DLL
0x00007ffb4a0d0000 - 0x00007ffb4a0e7000 	C:\WINDOWS\system32\napinsp.dll
0x00007ffb4a080000 - 0x00007ffb4a09b000 	C:\WINDOWS\system32\pnrpnsp.dll
0x00007ffb496d0000 - 0x00007ffb496e1000 	C:\WINDOWS\System32\winrnr.dll
0x00007ffb64620000 - 0x00007ffb64635000 	C:\WINDOWS\system32\wshbth.dll
0x00007ffb496a0000 - 0x00007ffb496c7000 	C:\WINDOWS\system32\nlansp_c.dll
0x00007ffb6e590000 - 0x00007ffb6e5ab000 	C:\WINDOWS\SYSTEM32\CRYPTSP.dll
0x00007ffb6de10000 - 0x00007ffb6de45000 	C:\WINDOWS\system32\rsaenh.dll
0x00007ffb6e420000 - 0x00007ffb6e448000 	C:\WINDOWS\SYSTEM32\USERENV.dll
0x00007ffb6e580000 - 0x00007ffb6e58c000 	C:\WINDOWS\SYSTEM32\CRYPTBASE.dll
0x00007ffb38a70000 - 0x00007ffb38a79000 	C:\Users\tnsad\.p2\pool\plugins\org.eclipse.justj.openjdk.hotspot.jre.full.win32.x86_64_22.0.1.v20240426-1149\jre\bin\extnet.dll
0x00007ffb669c0000 - 0x00007ffb669d0000 	C:\Users\tnsad\.p2\pool\plugins\org.eclipse.justj.openjdk.hotspot.jre.full.win32.x86_64_22.0.1.v20240426-1149\jre\bin\verify.dll
0x00007ffb668e0000 - 0x00007ffb668ee000 	C:\Users\tnsad\.p2\pool\plugins\org.eclipse.justj.openjdk.hotspot.jre.full.win32.x86_64_22.0.1.v20240426-1149\jre\bin\sunmscapi.dll
0x00007ffb6f5f0000 - 0x00007ffb6f756000 	C:\WINDOWS\System32\CRYPT32.dll
0x00007ffb6e740000 - 0x00007ffb6e76d000 	C:\WINDOWS\SYSTEM32\ncrypt.dll
0x00007ffb6e700000 - 0x00007ffb6e737000 	C:\WINDOWS\SYSTEM32\NTASN1.dll
0x00007ffb42810000 - 0x00007ffb42818000 	C:\WINDOWS\system32\wshunix.dll

dbghelp: loaded successfully - version: 4.0.5 - missing functions: none
symbol engine: initialized successfully - sym options: 0x614 - pdb path: .;C:\Users\tnsad\.p2\pool\plugins\org.eclipse.justj.openjdk.hotspot.jre.full.win32.x86_64_22.0.1.v20240426-1149\jre\bin;C:\WINDOWS\SYSTEM32;C:\WINDOWS\WinSxS\amd64_microsoft.windows.common-controls_6595b64144ccf1df_6.0.22621.4391_none_2715d37f73803e96;C:\Users\tnsad\.p2\pool\plugins\org.eclipse.justj.openjdk.hotspot.jre.full.win32.x86_64_22.0.1.v20240426-1149\jre\bin\server

VM Arguments:
jvm_args: -XX:+ShowCodeDetailsInExceptionMessages -agentlib:jdwp=transport=dt_socket,suspend=y,address=localhost:52542 -Dcom.sun.management.jmxremote -Dcom.sun.management.jmxremote.port=52541 -Dcom.sun.management.jmxremote.authenticate=false -Dcom.sun.management.jmxremote.ssl=false -Djava.rmi.server.hostname=localhost -Dspring.jmx.enabled=true -Dmanagement.endpoints.jmx.exposure.include=* -Dspring.application.admin.enabled=true -XX:TieredStopAtLevel=1 -Dspring.boot.project.name=springboot-mvcsdpproject -javaagent:C:\Users\tnsad\eclipse\jee-2024-063\eclipse\configuration\org.eclipse.osgi\448\0\.cp\lib\javaagent-shaded.jar -Dfile.encoding=UTF-8 -Dstdout.encoding=UTF-8 -Dstderr.encoding=UTF-8 
java_command: com.klef.jfsd.springboot.SpringbootMvcsdpprojectApplication --spring.output.ansi.enabled=always
java_class_path (initial): C:\Users\tnsad\eclipse-workspace\springboot-mvcsdpproject\target\classes;C:\Users\tnsad\.m2\repository\org\springframework\boot\spring-boot-starter-web\3.3.5\spring-boot-starter-web-3.3.5.jar;C:\Users\tnsad\.m2\repository\org\springframework\boot\spring-boot-starter\3.3.5\spring-boot-starter-3.3.5.jar;C:\Users\tnsad\.m2\repository\org\springframework\boot\spring-boot-starter-logging\3.3.5\spring-boot-starter-logging-3.3.5.jar;C:\Users\tnsad\.m2\repository\ch\qos\logback\logback-classic\1.5.11\logback-classic-1.5.11.jar;C:\Users\tnsad\.m2\repository\ch\qos\logback\logback-core\1.5.11\logback-core-1.5.11.jar;C:\Users\tnsad\.m2\repository\org\apache\logging\log4j\log4j-to-slf4j\2.23.1\log4j-to-slf4j-2.23.1.jar;C:\Users\tnsad\.m2\repository\org\apache\logging\log4j\log4j-api\2.23.1\log4j-api-2.23.1.jar;C:\Users\tnsad\.m2\repository\org\slf4j\jul-to-slf4j\2.0.16\jul-to-slf4j-2.0.16.jar;C:\Users\tnsad\.m2\repository\org\yaml\snakeyaml\2.2\snakeyaml-2.2.jar;C:\Users\tnsad\.m2\repository\org\springframework\boot\spring-boot-starter-json\3.3.5\spring-boot-starter-json-3.3.5.jar;C:\Users\tnsad\.m2\repository\com\fasterxml\jackson\core\jackson-databind\2.17.2\jackson-databind-2.17.2.jar;C:\Users\tnsad\.m2\repository\com\fasterxml\jackson\core\jackson-annotations\2.17.2\jackson-annotations-2.17.2.jar;C:\Users\tnsad\.m2\repository\com\fasterxml\jackson\core\jackson-core\2.17.2\jackson-core-2.17.2.jar;C:\Users\tnsad\.m2\repository\com\fasterxml\jackson\datatype\jackson-datatype-jdk8\2.17.2\jackson-datatype-jdk8-2.17.2.jar;C:\Users\tnsad\.m2\repository\com\fasterxml\jackson\datatype\jackson-datatype-jsr310\2.17.2\jackson-datatype-jsr310-2.17.2.jar;C:\Users\tnsad\.m2\repository\com\fasterxml\jackson\module\jackson-module-parameter-names\2.17.2\jackson-module-parameter-names-2.17.2.jar;C:\Users\tnsad\.m2\repository\org\springframework\spring-web\6.1.14\spring-web-6.1.14.jar;C:\Users\tnsad\.m2\repository\org\springframework\spring-beans\6.1.14\spring-beans-6.1.14.jar;C:\Users\tnsad\.m2\repository\io\micrometer\micrometer-observation\1.13.6\micrometer-observation-1.13.6.jar;C:\Users\tnsad\.m2\repository\io\micrometer\micrometer-commons\1.13.6\micrometer-commons-1.13.6.jar;C:\Users\tnsad\.m2\repository\org\springframework\spring-webmvc\6.1.14\spring-webmvc-6.1.14.jar;C:\Users\tnsad\.m2\repository\org\springframework\spring-aop\6.1.14\spring-aop-6.1.14.jar;C:\Users\tnsad\.m2\repository\org\springframework\spring-context\6.1.14\spring-context-6.1.14.jar;C:\Users\tnsad\.m2\repository\org\springframework\spring-expression\6.1.14\spring-expression-6.1.14.jar;C:\Users\tnsad\.m2\repository\org\springframework\boot\spring-boot-starter-tomcat\3.3.5\spring-boot-starter-tomcat-3.3.5.jar;C:\Users\tnsad\.m2\repository\jakarta\annotation\jakarta.annotation-api\2.1.1\jakarta.annotation-api-2.1.1.jar;C:\Users\tnsad\.m2\repository\org\apache\tomcat\embed\tomcat-embed-core\10.1.31\tomcat-embed-core-10.1.31.jar;C:\Users\tnsad\.m2\repository\org\apache\tomcat\embed\tomcat-embed-el\10.1.31\tomcat-embed-el-10.1.31.jar;C:\Users\tnsad\.m2\repository\org\apache\tomcat\embed\tomcat-embed-websocket\10.1.31\tomcat-embed-websocket-10.1.31.jar;C:\Users\tnsad\.m2\repository\org\slf4j\slf4j-api\2.0.16\slf4j-api-2.0.16.jar;C:\Users\tnsad\.m2\repository\jakarta\xml\bind\jakarta.xml.bind-api\4.0.2\jakarta.xml.bind-api-4.0.2.jar;C:\Users\tnsad\.m2\repository\jakarta\activation\jakarta.activation-api\2.1.3\jakarta.activation-api-2.1.3.jar;C:\Users\tnsad\.m2\repository\net\bytebuddy\byte-buddy\1.14.19\byte-buddy-1.14.19.jar;C:\Users\tnsad\.m2\repository\org\springframework\spring-core\6.1.14\spring-core-6.1.14.jar;C:\Users\tnsad\.m2\repository\org\springframework\spring-jcl\6.1.14\spring-jcl-6.1.14.jar;C:\Users\tnsad\.m2\repository\org\springframework\boot\spring-boot-starter-data-jpa\3.3.5\spring-boot-starter-data-jpa-3.3.5.jar;C:\Users\tnsad\.m2\repository\org\springframework\boot\spring-boot-starter-aop\3.3.5\spring-boot-starter-aop-3.3.5.jar;C:\Users\tnsad\.m2\repository\org\aspectj\aspectjweaver\1.9.22.1\aspectjweaver-1.9.22.1.jar;C:\Users\tnsad\.m2\repository\org\springframework\boot\spring-boot-starter-jdbc\3.3.5\spring-boot-starter-jdbc-3.3.5.jar;C:\Users\tnsad\.m2\repository\com\zaxxer\HikariCP\5.1.0\HikariCP-5.1.0.jar;C:\Users\tnsad\.m2\repository\org\springframework\spring-jdbc\6.1.14\spring-jdbc-6.1.14.jar;C:\Users\tnsad\.m2\repository\org\hibernate\orm\hibernate-core\6.5.3.Final\hibernate-core-6.5.3.Final.jar;C:\Users\tnsad\.m2\repository\jakarta\persistence\jakarta.persistence-api\3.1.0\jakarta.persistence-api-3.1.0.jar;C:\Users\tnsad\.m2\repository\jakarta\transaction\jakarta.transaction-api\2.0.1\jakarta.transaction-api-2.0.1.jar;C:\Users\tnsad\.m2\repository\org\jboss\logging\jboss-logging\3.5.3.Final\jboss-logging-3.5.3.Final.jar;C:\Users\tnsad\.m2\repository\org\hibernate\common\hibernate-commons-annotations\6.0.6.Final\hibernate-commons-annotations-6.0.6.Final.jar;C:\Users\tnsad\.m2\repository\io\smallrye\jandex\3.1.2\jandex-3.1.2.jar;C:\Users\tnsad\.m2\repository\com\fasterxml\classmate\1.7.0\classmate-1.7.0.jar;C:\Users\tnsad\.m2\repository\org\glassfish\jaxb\jaxb-runtime\4.0.5\jaxb-runtime-4.0.5.jar;C:\Users\tnsad\.m2\repository\org\glassfish\jaxb\jaxb-core\4.0.5\jaxb-core-4.0.5.jar;C:\Users\tnsad\.m2\repository\org\glassfish\jaxb\txw2\4.0.5\txw2-4.0.5.jar;C:\Users\tnsad\.m2\repository\com\sun\istack\istack-commons-runtime\4.1.2\istack-commons-runtime-4.1.2.jar;C:\Users\tnsad\.m2\repository\jakarta\inject\jakarta.inject-api\2.0.1\jakarta.inject-api-2.0.1.jar;C:\Users\tnsad\.m2\repository\org\antlr\antlr4-runtime\4.13.0\antlr4-runtime-4.13.0.jar;C:\Users\tnsad\.m2\repository\org\springframework\data\spring-data-jpa\3.3.5\spring-data-jpa-3.3.5.jar;C:\Users\tnsad\.m2\repository\org\springframework\data\spring-data-commons\3.3.5\spring-data-commons-3.3.5.jar;C:\Users\tnsad\.m2\repository\org\springframework\spring-orm\6.1.14\spring-orm-6.1.14.jar;C:\Users\tnsad\.m2\repository\org\springframework\spring-tx\6.1.14\spring-tx-6.1.14.jar;C:\Users\tnsad\.m2\repository\org\springframework\spring-aspects\6.1.14\spring-aspects-6.1.14.jar;C:\Users\tnsad\.m2\repository\org\springframework\boot\spring-boot-starter-mail\3.3.5\spring-boot-starter-mail-3.3.5.jar;C:\Users\tnsad\.m2\repository\org\springframework\spring-context-support\6.1.14\spring-context-support-6.1.14.jar;C:\Users\tnsad\.m2\repository\org\eclipse\angus\jakarta.mail\2.0.3\jakarta.mail-2.0.3.jar;C:\Users\tnsad\.m2\repository\org\eclipse\angus\angus-activation\2.0.2\angus-activation-2.0.2.jar;C:\Users\tnsad\.m2\repository\org\springframework\boot\spring-boot-devtools\3.3.5\spring-boot-devtools-3.3.5.jar;C:\Users\tnsad\.m2\repository\org\springframework\boot\spring-boot\3.3.5\spring-boot-3.3.5.jar;C:\Users\tnsad\.m2\repository\org\springframework\boot\spring-boot-autoconfigure\3.3.5\spring-boot-autoconfigure-3.3.5.jar;C:\Users\tnsad\.m2\repository\com\mysql\mysql-connector-j\8.3.0\mysql-connector-j-8.3.0.jar;C:\Users\tnsad\.m2\repository\org\projectlombok\lombok\1.18.34\lombok-1.18.34.jar;C:\Users\tnsad\.m2\repository\org\apache\tomcat\tomcat-jasper\10.1.31\tomcat-jasper-10.1.31.jar;C:\Users\tnsad\.m2\repository\org\apache\tomcat\tomcat-servlet-api\10.1.31\tomcat-servlet-api-10.1.31.jar;C:\Users\tnsad\.m2\repository\org\apache\tomcat\tomcat-juli\10.1.31\tomcat-juli-10.1.31.jar;C:\Users\tnsad\.m2\repository\org\apache\tomcat\tomcat-jsp-api\10.1.31\tomcat-jsp-api-10.1.31.jar;C:\Users\tnsad\.m2\repository\org\apache\tomcat\tomcat-el-api\10.1.31\tomcat-el-api-10.1.31.jar;C:\Users\tnsad\.m2\repository\org\eclipse\jdt\ecj\3.33.0\ecj-3.33.0.jar;C:\Users\tnsad\.m2\repository\org\apache\tomcat\tomcat-jasper-el\10.1.31\tomcat-jasper-el-10.1.31.jar;C:\Users\tnsad\.m2\repository\org\apache\tomcat\tomcat-api\10.1.31\tomcat-api-10.1.31.jar;C:\Users\tnsad\.m2\repository\org\apache\tomcat\tomcat-util-scan\10.1.31\tomcat-util-scan-10.1.31.jar;C:\Users\tnsad\.m2\repository\org\apache\tomcat\tomcat-util\10.1.31\tomcat-util-10.1.31.jar;C:\Users\tnsad\.m2\repository\org\glassfish\web\jakarta.servlet.jsp.jstl\3.0.0\jakarta.servlet.jsp.jstl-3.0.0.jar;C:\Users\tnsad\.m2\repository\jakarta\servlet\jsp\jstl\jakarta.servlet.jsp.jstl-api\3.0.2\jakarta.servlet.jsp.jstl-api-3.0.2.jar;C:\Users\tnsad\.m2\repository\jakarta\servlet\jakarta.servlet-api\6.0.0\jakarta.servlet-api-6.0.0.jar;C:\Users\tnsad\.m2\repository\jakarta\el\jakarta.el-api\5.0.0\jakarta.el-api-5.0.0.jar
Launcher Type: SUN_STANDARD

[Global flags]
     intx CICompilerCount                          = 4                                         {product} {ergonomic}
     uint ConcGCThreads                            = 3                                         {product} {ergonomic}
     uint G1ConcRefinementThreads                  = 10                                        {product} {ergonomic}
   size_t G1HeapRegionSize                         = 2097152                                   {product} {ergonomic}
   size_t InitialHeapSize                          = 264241152                                 {product} {ergonomic}
     bool ManagementServer                         = true                                      {product} {command line}
   size_t MarkStackSize                            = 4194304                                   {product} {ergonomic}
   size_t MaxHeapSize                              = 4208984064                                {product} {ergonomic}
   size_t MaxNewSize                               = 2524971008                                {product} {ergonomic}
   size_t MinHeapDeltaBytes                        = 2097152                                   {product} {ergonomic}
   size_t MinHeapSize                              = 8388608                                   {product} {ergonomic}
    uintx NonNMethodCodeHeapSize                   = 4096                                   {pd product} {ergonomic}
    uintx NonProfiledCodeHeapSize                  = 0                                      {pd product} {ergonomic}
     bool ProfileInterpreter                       = false                                  {pd product} {command line}
    uintx ProfiledCodeHeapSize                     = 0                                      {pd product} {ergonomic}
     bool ShowCodeDetailsInExceptionMessages       = true                                   {manageable} {command line}
   size_t SoftMaxHeapSize                          = 4208984064                             {manageable} {ergonomic}
     intx TieredStopAtLevel                        = 1                                         {product} {command line}
     bool UseCompressedOops                        = true                           {product lp64_product} {ergonomic}
     bool UseG1GC                                  = true                                      {product} {ergonomic}
     bool UseLargePagesIndividualAllocation        = false                                  {pd product} {ergonomic}

Logging:
Log output configuration:
 #0: stdout all=warning uptime,level,tags foldmultilines=false
 #1: stderr all=off uptime,level,tags foldmultilines=false

Environment Variables:
PATH=C:\Users\tnsad\.p2\pool\plugins\org.eclipse.justj.openjdk.hotspot.jre.full.win32.x86_64_22.0.1.v20240426-1149\jre\bin;C:/Users/tnsad/.p2/pool/plugins/org.eclipse.justj.openjdk.hotspot.jre.full.win32.x86_64_22.0.1.v20240426-1149/jre/bin/server;C:/Users/tnsad/.p2/pool/plugins/org.eclipse.justj.openjdk.hotspot.jre.full.win32.x86_64_22.0.1.v20240426-1149/jre/bin;C:\Program Files\Common Files\Oracle\Java\javapath;C:\Program Files (x86)\Common Files\Oracle\Java\javapath;C:\WINDOWS\system32;C:\WINDOWS;C:\WINDOWS\System32\Wbem;C:\WINDOWS\System32\WindowsPowerShell\v1.0\;C:\WINDOWS\System32\OpenSSH\;C:\Program Files\MiKTeX\miktex\bin\x64\;C:\Program Files\nodejs\;C:\Program Files\Git\cmd;C:\Program Files\HP\HP One Agent;C:\Program Files\MySQL\MySQL Server 8.0\bin;C:\Program Files\MySQL\MySQL Shell 8.0\bin\;C:\Users\tnsad\AppData\Local\Programs\Python\Python311\Scripts\;C:\Users\tnsad\AppData\Local\Programs\Python\Python311\;C:\Users\tnsad\AppData\Local\Microsoft\WindowsApps;C:\Users\tnsad\AppData\Local\Programs\Microsoft VS Code\bin;C:\Users\tnsad\AppData\Roaming\npm;C:\Program Files\nodejs;C:\Program Files\MongoDB\Server\7.0\bin;C:\Program Files\mongosh\;C:\WINDOWS\System32;
USERNAME=tnsad
OS=Windows_NT
PROCESSOR_IDENTIFIER=Intel64 Family 6 Model 154 Stepping 4, GenuineIntel
TMP=C:\Users\tnsad\AppData\Local\Temp
TEMP=C:\Users\tnsad\AppData\Local\Temp




Periodic native trim disabled

---------------  S Y S T E M  ---------------

OS:
 Windows 11 , 64 bit Build 22621 (10.0.22621.4391)
OS uptime: 1 days 4:46 hours

CPU: total 12 (initial active 12) (6 cores per cpu, 2 threads per core) family 6 model 154 stepping 4 microcode 0x42c, cx8, cmov, fxsr, ht, mmx, 3dnowpref, sse, sse2, sse3, ssse3, sse4.1, sse4.2, popcnt, lzcnt, tsc, tscinvbit, avx, avx2, aes, erms, clmul, bmi1, bmi2, adx, sha, fma, vzeroupper, clflush, clflushopt, clwb, serialize, rdtscp, rdpid, fsrm, f16c, pku, cet_ibt, cet_ss
Processor Information for processor 0
  Max Mhz: 1700, Current Mhz: 1457, Mhz Limit: 1700
Processor Information for processor 1
  Max Mhz: 1700, Current Mhz: 1700, Mhz Limit: 1700
Processor Information for processor 2
  Max Mhz: 1700, Current Mhz: 1700, Mhz Limit: 1700
Processor Information for processor 3
  Max Mhz: 1700, Current Mhz: 1700, Mhz Limit: 1700
Processor Information for processor 4
  Max Mhz: 1700, Current Mhz: 1200, Mhz Limit: 1190
Processor Information for processor 5
  Max Mhz: 1700, Current Mhz: 1200, Mhz Limit: 1190
Processor Information for processor 6
  Max Mhz: 1700, Current Mhz: 1200, Mhz Limit: 1190
Processor Information for processor 7
  Max Mhz: 1700, Current Mhz: 1200, Mhz Limit: 1190
Processor Information for processor 8
  Max Mhz: 1700, Current Mhz: 1200, Mhz Limit: 1190
Processor Information for processor 9
  Max Mhz: 1700, Current Mhz: 1200, Mhz Limit: 1190
Processor Information for processor 10
  Max Mhz: 1700, Current Mhz: 1200, Mhz Limit: 1190
Processor Information for processor 11
  Max Mhz: 1700, Current Mhz: 1200, Mhz Limit: 1190

Memory: 4k page, system-wide physical 16052M (4325M free)
TotalPageFile size 19261M (AvailPageFile size 3159M)
current process WorkingSet (physical memory assigned to process): 310M, peak: 337M
current process commit charge ("private bytes"): 343M, peak: 378M

vm_info: OpenJDK 64-Bit Server VM (22.0.1+8) for windows-amd64 JRE (22.0.1+8), built on 2024-04-16T00:00:00Z by "admin" with MS VC++ 17.7 (VS2022)

END.
